Started GET "/" for 119.160.66.71 at 2019-01-23 13:27:42 +0000
Cannot render console from 119.160.66.71! Allowed networks: 127.0.0.1, ::1, 127.0.0.0/127.255.255.255
Processing by Rails::WelcomeController#index as HTML
  Rendering /usr/local/rvm/gems/ruby-2.6.0/gems/railties-5.2.2/lib/rails/templates/rails/welcome/index.html.erb
  Rendered /usr/local/rvm/gems/ruby-2.6.0/gems/railties-5.2.2/lib/rails/templates/rails/welcome/index.html.erb (3.5ms)
Completed 200 OK in 20ms (Views: 10.4ms | ActiveRecord: 0.0ms)


  [1m[35m (0.2ms)[0m  [1m[34mSELECT sqlite_version(*)[0m
  ↳ /home/zlajabekrija/.rvm/rubies/ruby-2.6.0/lib/ruby/gems/2.6.0/gems/rake-12.3.2/lib/rake/task.rb:273
  [1m[35m (440.5ms)[0m  [1m[35mCREATE TABLE "schema_migrations" ("version" varchar NOT NULL PRIMARY KEY)[0m
  ↳ /home/zlajabekrija/.rvm/rubies/ruby-2.6.0/lib/ruby/gems/2.6.0/gems/rake-12.3.2/lib/rake/task.rb:273
  [1m[35m (429.4ms)[0m  [1m[35mCREATE TABLE "ar_internal_metadata" ("key" varchar NOT NULL PRIMARY KEY, "value" varchar, "created_at" datetime NOT NULL, "updated_at" datetime NOT NULL)[0m
  ↳ /home/zlajabekrija/.rvm/rubies/ruby-2.6.0/lib/ruby/gems/2.6.0/gems/rake-12.3.2/lib/rake/task.rb:273
  [1m[35m (0.4ms)[0m  [1m[34mSELECT "schema_migrations"."version" FROM "schema_migrations" ORDER BY "schema_migrations"."version" ASC[0m
  ↳ /home/zlajabekrija/.rvm/rubies/ruby-2.6.0/lib/ruby/gems/2.6.0/gems/rake-12.3.2/lib/rake/task.rb:273
Migrating to CreateUsers (20190123135241)
  [1m[35m (0.1ms)[0m  [1m[36mbegin transaction[0m
  ↳ /home/zlajabekrija/.rvm/rubies/ruby-2.6.0/lib/ruby/gems/2.6.0/gems/rake-12.3.2/lib/rake/task.rb:273
  [1m[35m (2.5ms)[0m  [1m[35mCREATE TABLE "users" ("id" integer PRIMARY KEY AUTOINCREMENT NOT NULL, "username" varchar, "email" varchar, "password" varchar, "created_at" datetime NOT NULL, "updated_at" datetime NOT NULL)[0m
  ↳ db/migrate/20190123135241_create_users.rb:3
  [1m[36mActiveRecord::SchemaMigration Create (0.5ms)[0m  [1m[32mINSERT INTO "schema_migrations" ("version") VALUES (?)[0m  [["version", "20190123135241"]]
  ↳ /home/zlajabekrija/.rvm/rubies/ruby-2.6.0/lib/ruby/gems/2.6.0/gems/rake-12.3.2/lib/rake/task.rb:273
  [1m[35m (160.3ms)[0m  [1m[36mcommit transaction[0m
  ↳ /home/zlajabekrija/.rvm/rubies/ruby-2.6.0/lib/ruby/gems/2.6.0/gems/rake-12.3.2/lib/rake/task.rb:273
  [1m[36mActiveRecord::InternalMetadata Load (0.4ms)[0m  [1m[34mSELECT  "ar_internal_metadata".* FROM "ar_internal_metadata" WHERE "ar_internal_metadata"."key" = ? LIMIT ?[0m  [["key", "environment"], ["LIMIT", 1]]
  ↳ /home/zlajabekrija/.rvm/rubies/ruby-2.6.0/lib/ruby/gems/2.6.0/gems/rake-12.3.2/lib/rake/task.rb:273
  [1m[35m (0.1ms)[0m  [1m[36mbegin transaction[0m
  ↳ /home/zlajabekrija/.rvm/rubies/ruby-2.6.0/lib/ruby/gems/2.6.0/gems/rake-12.3.2/lib/rake/task.rb:273
  [1m[36mActiveRecord::InternalMetadata Create (1.9ms)[0m  [1m[32mINSERT INTO "ar_internal_metadata" ("key", "value", "created_at", "updated_at") VALUES (?, ?, ?, ?)[0m  [["key", "environment"], ["value", "development"], ["created_at", "2019-01-23 13:54:06.926152"], ["updated_at", "2019-01-23 13:54:06.926152"]]
  ↳ /home/zlajabekrija/.rvm/rubies/ruby-2.6.0/lib/ruby/gems/2.6.0/gems/rake-12.3.2/lib/rake/task.rb:273
  [1m[35m (37.5ms)[0m  [1m[36mcommit transaction[0m
  ↳ /home/zlajabekrija/.rvm/rubies/ruby-2.6.0/lib/ruby/gems/2.6.0/gems/rake-12.3.2/lib/rake/task.rb:273
  [1m[35m (0.6ms)[0m  [1m[34mSELECT "schema_migrations"."version" FROM "schema_migrations" ORDER BY "schema_migrations"."version" ASC[0m
  ↳ /home/zlajabekrija/.rvm/rubies/ruby-2.6.0/lib/ruby/gems/2.6.0/gems/rake-12.3.2/lib/rake/task.rb:273
Started GET "/" for 127.0.0.1 at 2019-01-23 15:00:50 +0100
  [1m[35m (0.7ms)[0m  [1m[34mSELECT "schema_migrations"."version" FROM "schema_migrations" ORDER BY "schema_migrations"."version" ASC[0m
  ↳ /home/zlajabekrija/.rvm/gems/ruby-2.6.0/gems/activerecord-5.2.2/lib/active_record/log_subscriber.rb:98
Processing by Rails::WelcomeController#index as HTML
  Rendering /home/zlajabekrija/.rvm/gems/ruby-2.6.0/gems/railties-5.2.2/lib/rails/templates/rails/welcome/index.html.erb
  Rendered /home/zlajabekrija/.rvm/gems/ruby-2.6.0/gems/railties-5.2.2/lib/rails/templates/rails/welcome/index.html.erb (121.1ms)
Completed 200 OK in 494ms (Views: 346.4ms | ActiveRecord: 0.0ms)


Started GET "/users/new" for 127.0.0.1 at 2019-01-23 15:01:06 +0100
Processing by UsersController#new as HTML
  Rendering users/new.html.erb within layouts/application
  Rendered users/new.html.erb within layouts/application (0.4ms)
Completed 200 OK in 6881ms (Views: 6874.2ms | ActiveRecord: 0.0ms)


Started GET "/users/new" for 127.0.0.1 at 2019-01-23 15:07:09 +0100
Processing by UsersController#new as HTML
  Rendering users/new.html.erb within layouts/application
  Rendered users/new.html.erb within layouts/application (0.9ms)
Completed 200 OK in 113ms (Views: 109.3ms | ActiveRecord: 0.0ms)


Started GET "/users/new" for 127.0.0.1 at 2019-01-23 15:07:28 +0100
Processing by UsersController#new as HTML
  Rendering users/new.html.erb within layouts/application
  Rendered users/new.html.erb within layouts/application (0.3ms)
Completed 200 OK in 52ms (Views: 45.3ms | ActiveRecord: 0.0ms)


Started POST "/users" for 127.0.0.1 at 2019-01-23 15:07:49 +0100
Processing by UsersController#create as HTML
  Parameters: {"user"=>"", "email"=>"", "password"=>"[FILTERED]"}
Can't verify CSRF token authenticity.
Completed 422 Unprocessable Entity in 1ms (ActiveRecord: 0.0ms)


  
ActionController::InvalidAuthenticityToken (ActionController::InvalidAuthenticityToken):
  
actionpack (5.2.2) lib/action_controller/metal/request_forgery_protection.rb:211:in `handle_unverified_request'
actionpack (5.2.2) lib/action_controller/metal/request_forgery_protection.rb:243:in `handle_unverified_request'
actionpack (5.2.2) lib/action_controller/metal/request_forgery_protection.rb:238:in `verify_authenticity_token'
activesupport (5.2.2) lib/active_support/callbacks.rb:426:in `block in make_lambda'
activesupport (5.2.2) lib/active_support/callbacks.rb:198:in `block (2 levels) in halting'
actionpack (5.2.2) lib/abstract_controller/callbacks.rb:34:in `block (2 levels) in <module:Callbacks>'
activesupport (5.2.2) lib/active_support/callbacks.rb:199:in `block in halting'
activesupport (5.2.2) lib/active_support/callbacks.rb:513:in `block in invoke_before'
activesupport (5.2.2) lib/active_support/callbacks.rb:513:in `each'
activesupport (5.2.2) lib/active_support/callbacks.rb:513:in `invoke_before'
activesupport (5.2.2) lib/active_support/callbacks.rb:131:in `run_callbacks'
actionpack (5.2.2) lib/abstract_controller/callbacks.rb:41:in `process_action'
actionpack (5.2.2) lib/action_controller/metal/rescue.rb:22:in `process_action'
actionpack (5.2.2) lib/action_controller/metal/instrumentation.rb:34:in `block in process_action'
activesupport (5.2.2) lib/active_support/notifications.rb:168:in `block in instrument'
activesupport (5.2.2) lib/active_support/notifications/instrumenter.rb:23:in `instrument'
activesupport (5.2.2) lib/active_support/notifications.rb:168:in `instrument'
actionpack (5.2.2) lib/action_controller/metal/instrumentation.rb:32:in `process_action'
actionpack (5.2.2) lib/action_controller/metal/params_wrapper.rb:256:in `process_action'
activerecord (5.2.2) lib/active_record/railties/controller_runtime.rb:24:in `process_action'
actionpack (5.2.2) lib/abstract_controller/base.rb:134:in `process'
actionview (5.2.2) lib/action_view/rendering.rb:32:in `process'
actionpack (5.2.2) lib/action_controller/metal.rb:191:in `dispatch'
actionpack (5.2.2) lib/action_controller/metal.rb:252:in `dispatch'
actionpack (5.2.2) lib/action_dispatch/routing/route_set.rb:52:in `dispatch'
actionpack (5.2.2) lib/action_dispatch/routing/route_set.rb:34:in `serve'
actionpack (5.2.2) lib/action_dispatch/journey/router.rb:52:in `block in serve'
actionpack (5.2.2) lib/action_dispatch/journey/router.rb:35:in `each'
actionpack (5.2.2) lib/action_dispatch/journey/router.rb:35:in `serve'
actionpack (5.2.2) lib/action_dispatch/routing/route_set.rb:840:in `call'
rack (2.0.6) lib/rack/tempfile_reaper.rb:15:in `call'
rack (2.0.6) lib/rack/etag.rb:25:in `call'
rack (2.0.6) lib/rack/conditional_get.rb:38:in `call'
rack (2.0.6) lib/rack/head.rb:12:in `call'
actionpack (5.2.2) lib/action_dispatch/http/content_security_policy.rb:18:in `call'
rack (2.0.6) lib/rack/session/abstract/id.rb:232:in `context'
rack (2.0.6) lib/rack/session/abstract/id.rb:226:in `call'
actionpack (5.2.2) lib/action_dispatch/middleware/cookies.rb:670:in `call'
activerecord (5.2.2) lib/active_record/migration.rb:559:in `call'
actionpack (5.2.2) lib/action_dispatch/middleware/callbacks.rb:28:in `block in call'
activesupport (5.2.2) lib/active_support/callbacks.rb:98:in `run_callbacks'
actionpack (5.2.2) lib/action_dispatch/middleware/callbacks.rb:26:in `call'
actionpack (5.2.2) lib/action_dispatch/middleware/executor.rb:14:in `call'
actionpack (5.2.2) lib/action_dispatch/middleware/debug_exceptions.rb:61:in `call'
web-console (3.7.0) lib/web_console/middleware.rb:135:in `call_app'
web-console (3.7.0) lib/web_console/middleware.rb:30:in `block in call'
web-console (3.7.0) lib/web_console/middleware.rb:20:in `catch'
web-console (3.7.0) lib/web_console/middleware.rb:20:in `call'
actionpack (5.2.2) lib/action_dispatch/middleware/show_exceptions.rb:33:in `call'
railties (5.2.2) lib/rails/rack/logger.rb:38:in `call_app'
railties (5.2.2) lib/rails/rack/logger.rb:26:in `block in call'
activesupport (5.2.2) lib/active_support/tagged_logging.rb:71:in `block in tagged'
activesupport (5.2.2) lib/active_support/tagged_logging.rb:28:in `tagged'
activesupport (5.2.2) lib/active_support/tagged_logging.rb:71:in `tagged'
railties (5.2.2) lib/rails/rack/logger.rb:26:in `call'
sprockets-rails (3.2.1) lib/sprockets/rails/quiet_assets.rb:13:in `call'
actionpack (5.2.2) lib/action_dispatch/middleware/remote_ip.rb:81:in `call'
actionpack (5.2.2) lib/action_dispatch/middleware/request_id.rb:27:in `call'
rack (2.0.6) lib/rack/method_override.rb:22:in `call'
rack (2.0.6) lib/rack/runtime.rb:22:in `call'
activesupport (5.2.2) lib/active_support/cache/strategy/local_cache_middleware.rb:29:in `call'
actionpack (5.2.2) lib/action_dispatch/middleware/executor.rb:14:in `call'
actionpack (5.2.2) lib/action_dispatch/middleware/static.rb:127:in `call'
rack (2.0.6) lib/rack/sendfile.rb:111:in `call'
railties (5.2.2) lib/rails/engine.rb:524:in `call'
puma (3.12.0) lib/puma/configuration.rb:225:in `call'
puma (3.12.0) lib/puma/server.rb:658:in `handle_request'
puma (3.12.0) lib/puma/server.rb:472:in `process_client'
puma (3.12.0) lib/puma/server.rb:332:in `block in run'
puma (3.12.0) lib/puma/thread_pool.rb:133:in `block in spawn_thread'
Started GET "/users" for 127.0.0.1 at 2019-01-23 15:09:14 +0100
  
ActionController::RoutingError (No route matches [GET] "/users"):
  
actionpack (5.2.2) lib/action_dispatch/middleware/debug_exceptions.rb:65:in `call'
web-console (3.7.0) lib/web_console/middleware.rb:135:in `call_app'
web-console (3.7.0) lib/web_console/middleware.rb:30:in `block in call'
web-console (3.7.0) lib/web_console/middleware.rb:20:in `catch'
web-console (3.7.0) lib/web_console/middleware.rb:20:in `call'
actionpack (5.2.2) lib/action_dispatch/middleware/show_exceptions.rb:33:in `call'
railties (5.2.2) lib/rails/rack/logger.rb:38:in `call_app'
railties (5.2.2) lib/rails/rack/logger.rb:26:in `block in call'
activesupport (5.2.2) lib/active_support/tagged_logging.rb:71:in `block in tagged'
activesupport (5.2.2) lib/active_support/tagged_logging.rb:28:in `tagged'
activesupport (5.2.2) lib/active_support/tagged_logging.rb:71:in `tagged'
railties (5.2.2) lib/rails/rack/logger.rb:26:in `call'
sprockets-rails (3.2.1) lib/sprockets/rails/quiet_assets.rb:13:in `call'
actionpack (5.2.2) lib/action_dispatch/middleware/remote_ip.rb:81:in `call'
actionpack (5.2.2) lib/action_dispatch/middleware/request_id.rb:27:in `call'
rack (2.0.6) lib/rack/method_override.rb:22:in `call'
rack (2.0.6) lib/rack/runtime.rb:22:in `call'
activesupport (5.2.2) lib/active_support/cache/strategy/local_cache_middleware.rb:29:in `call'
actionpack (5.2.2) lib/action_dispatch/middleware/executor.rb:14:in `call'
actionpack (5.2.2) lib/action_dispatch/middleware/static.rb:127:in `call'
rack (2.0.6) lib/rack/sendfile.rb:111:in `call'
railties (5.2.2) lib/rails/engine.rb:524:in `call'
puma (3.12.0) lib/puma/configuration.rb:225:in `call'
puma (3.12.0) lib/puma/server.rb:658:in `handle_request'
puma (3.12.0) lib/puma/server.rb:472:in `process_client'
puma (3.12.0) lib/puma/server.rb:332:in `block in run'
puma (3.12.0) lib/puma/thread_pool.rb:133:in `block in spawn_thread'
Started GET "/users/new" for 127.0.0.1 at 2019-01-23 15:09:19 +0100
Processing by UsersController#new as HTML
  Rendering users/new.html.erb within layouts/application
  Rendered users/new.html.erb within layouts/application (0.4ms)
Completed 200 OK in 64ms (Views: 57.3ms | ActiveRecord: 0.0ms)


Started POST "/users" for 127.0.0.1 at 2019-01-23 15:09:24 +0100
Processing by UsersController#create as HTML
  Parameters: {"user"=>"", "email"=>"", "password"=>"[FILTERED]", "authenticity_token"=>"K00g1BJJLSYr1kHt9njGvFkS0HtmwDZ5N1xLsXzDEbqp9NJF71C3obVB9jj5LTf2/U+UC92ZvU5hg3xsuAt+dg=="}
No template found for UsersController#create, rendering head :no_content
Completed 204 No Content in 273ms (ActiveRecord: 0.0ms)


Started GET "/users/new" for 127.0.0.1 at 2019-01-23 15:11:46 +0100
Processing by UsersController#new as HTML
  Rendering users/new.html.erb within layouts/application
  Rendered users/new.html.erb within layouts/application (0.6ms)
Completed 200 OK in 86ms (Views: 78.3ms | ActiveRecord: 0.0ms)


Started POST "/users" for 127.0.0.1 at 2019-01-23 15:11:56 +0100
Processing by UsersController#create as HTML
  Parameters: {"user"=>"adsd", "email"=>"sknfsld@a.com", "password"=>"[FILTERED]", "authenticity_token"=>"+dQL4wAbjbX1Yn/JIBSfeapgmQGPIGBy/YOXjvz/cEN7bfly/QIXMmv1yBwvQW4zDj3dcTR560WrXKBTODcfjw=="}
  [1m[35m (0.1ms)[0m  [1m[36mbegin transaction[0m
  ↳ app/controllers/users_controller.rb:9
  [1m[35m (0.4ms)[0m  [1m[31mrollback transaction[0m
  ↳ app/controllers/users_controller.rb:9
  Rendering users/new.html.erb within layouts/application
  Rendered users/new.html.erb within layouts/application (0.4ms)
Completed 200 OK in 442ms (Views: 39.8ms | ActiveRecord: 3.9ms)


  [1m[35m (0.1ms)[0m  [1m[36mbegin transaction[0m
  [1m[36mUser Create (2.9ms)[0m  [1m[32mINSERT INTO "users" ("username", "email", "password", "created_at", "updated_at") VALUES (?, ?, ?, ?, ?)[0m  [["username", "a"], ["email", "a@a.com"], ["password", "12345"], ["created_at", "2019-01-23 14:13:43.550345"], ["updated_at", "2019-01-23 14:13:43.550345"]]
  [1m[35m (24.6ms)[0m  [1m[36mcommit transaction[0m
Started GET "/users" for 127.0.0.1 at 2019-01-23 15:17:06 +0100
  
ActionController::RoutingError (No route matches [GET] "/users"):
  
actionpack (5.2.2) lib/action_dispatch/middleware/debug_exceptions.rb:65:in `call'
web-console (3.7.0) lib/web_console/middleware.rb:135:in `call_app'
web-console (3.7.0) lib/web_console/middleware.rb:30:in `block in call'
web-console (3.7.0) lib/web_console/middleware.rb:20:in `catch'
web-console (3.7.0) lib/web_console/middleware.rb:20:in `call'
actionpack (5.2.2) lib/action_dispatch/middleware/show_exceptions.rb:33:in `call'
railties (5.2.2) lib/rails/rack/logger.rb:38:in `call_app'
railties (5.2.2) lib/rails/rack/logger.rb:26:in `block in call'
activesupport (5.2.2) lib/active_support/tagged_logging.rb:71:in `block in tagged'
activesupport (5.2.2) lib/active_support/tagged_logging.rb:28:in `tagged'
activesupport (5.2.2) lib/active_support/tagged_logging.rb:71:in `tagged'
railties (5.2.2) lib/rails/rack/logger.rb:26:in `call'
sprockets-rails (3.2.1) lib/sprockets/rails/quiet_assets.rb:13:in `call'
actionpack (5.2.2) lib/action_dispatch/middleware/remote_ip.rb:81:in `call'
actionpack (5.2.2) lib/action_dispatch/middleware/request_id.rb:27:in `call'
rack (2.0.6) lib/rack/method_override.rb:22:in `call'
rack (2.0.6) lib/rack/runtime.rb:22:in `call'
activesupport (5.2.2) lib/active_support/cache/strategy/local_cache_middleware.rb:29:in `call'
actionpack (5.2.2) lib/action_dispatch/middleware/executor.rb:14:in `call'
actionpack (5.2.2) lib/action_dispatch/middleware/static.rb:127:in `call'
rack (2.0.6) lib/rack/sendfile.rb:111:in `call'
railties (5.2.2) lib/rails/engine.rb:524:in `call'
puma (3.12.0) lib/puma/configuration.rb:225:in `call'
puma (3.12.0) lib/puma/server.rb:658:in `handle_request'
puma (3.12.0) lib/puma/server.rb:472:in `process_client'
puma (3.12.0) lib/puma/server.rb:332:in `block in run'
puma (3.12.0) lib/puma/thread_pool.rb:133:in `block in spawn_thread'
Started GET "/users/new" for 127.0.0.1 at 2019-01-23 15:17:10 +0100
Processing by UsersController#new as HTML
  Rendering users/new.html.erb within layouts/application
  Rendered users/new.html.erb within layouts/application (0.3ms)
Completed 200 OK in 59ms (Views: 55.6ms | ActiveRecord: 0.0ms)


Started POST "/users" for 127.0.0.1 at 2019-01-23 15:17:18 +0100
Processing by UsersController#create as HTML
  Parameters: {"user"=>"sad", "email"=>"as@a.com", "password"=>"[FILTERED]", "authenticity_token"=>"/lmRfO1P+yrPbRtME8Jn8+DNoC78+pAkobI5oKh9nV184GPtEFZhrVH6rJkcl5a5RJDkXkejGxP3bQ59bLXykQ=="}
  [1m[35m (0.3ms)[0m  [1m[36mbegin transaction[0m
  ↳ app/controllers/users_controller.rb:9
  [1m[35m (0.1ms)[0m  [1m[31mrollback transaction[0m
  ↳ app/controllers/users_controller.rb:9
  Rendering users/new.html.erb within layouts/application
  Rendered users/new.html.erb within layouts/application (0.5ms)
Completed 200 OK in 79ms (Views: 69.7ms | ActiveRecord: 0.3ms)


Started GET "/users" for 127.0.0.1 at 2019-01-23 15:18:10 +0100
  
ActionController::RoutingError (No route matches [GET] "/users"):
  
actionpack (5.2.2) lib/action_dispatch/middleware/debug_exceptions.rb:65:in `call'
web-console (3.7.0) lib/web_console/middleware.rb:135:in `call_app'
web-console (3.7.0) lib/web_console/middleware.rb:30:in `block in call'
web-console (3.7.0) lib/web_console/middleware.rb:20:in `catch'
web-console (3.7.0) lib/web_console/middleware.rb:20:in `call'
actionpack (5.2.2) lib/action_dispatch/middleware/show_exceptions.rb:33:in `call'
railties (5.2.2) lib/rails/rack/logger.rb:38:in `call_app'
railties (5.2.2) lib/rails/rack/logger.rb:26:in `block in call'
activesupport (5.2.2) lib/active_support/tagged_logging.rb:71:in `block in tagged'
activesupport (5.2.2) lib/active_support/tagged_logging.rb:28:in `tagged'
activesupport (5.2.2) lib/active_support/tagged_logging.rb:71:in `tagged'
railties (5.2.2) lib/rails/rack/logger.rb:26:in `call'
sprockets-rails (3.2.1) lib/sprockets/rails/quiet_assets.rb:13:in `call'
actionpack (5.2.2) lib/action_dispatch/middleware/remote_ip.rb:81:in `call'
actionpack (5.2.2) lib/action_dispatch/middleware/request_id.rb:27:in `call'
rack (2.0.6) lib/rack/method_override.rb:22:in `call'
rack (2.0.6) lib/rack/runtime.rb:22:in `call'
activesupport (5.2.2) lib/active_support/cache/strategy/local_cache_middleware.rb:29:in `call'
actionpack (5.2.2) lib/action_dispatch/middleware/executor.rb:14:in `call'
actionpack (5.2.2) lib/action_dispatch/middleware/static.rb:127:in `call'
rack (2.0.6) lib/rack/sendfile.rb:111:in `call'
railties (5.2.2) lib/rails/engine.rb:524:in `call'
puma (3.12.0) lib/puma/configuration.rb:225:in `call'
puma (3.12.0) lib/puma/server.rb:658:in `handle_request'
puma (3.12.0) lib/puma/server.rb:472:in `process_client'
puma (3.12.0) lib/puma/server.rb:332:in `block in run'
puma (3.12.0) lib/puma/thread_pool.rb:133:in `block in spawn_thread'
Started GET "/users/new" for 127.0.0.1 at 2019-01-23 15:18:15 +0100
Processing by UsersController#new as HTML
  Rendering users/new.html.erb within layouts/application
  Rendered users/new.html.erb within layouts/application (0.4ms)
Completed 200 OK in 101ms (Views: 96.0ms | ActiveRecord: 0.0ms)


Started POST "/users" for 127.0.0.1 at 2019-01-23 15:18:23 +0100
Processing by UsersController#create as HTML
  Parameters: {"username"=>"das", "email"=>"a@a.com", "password"=>"[FILTERED]", "authenticity_token"=>"6t9/q7DXjYSXo0PjE/svVyEMe9gC7EkFgCVK3xCxXB5oZo06Tc4XAwk09DYcrt4dhVE/qLm1wjLW+n0C1Hkz0g=="}
  [1m[35m (0.1ms)[0m  [1m[36mbegin transaction[0m
  ↳ app/controllers/users_controller.rb:9
  [1m[36mUser Create (88.6ms)[0m  [1m[32mINSERT INTO "users" ("username", "email", "password", "created_at", "updated_at") VALUES (?, ?, ?, ?, ?)[0m  [["username", "das"], ["email", "a@a.com"], ["password", "asd"], ["created_at", "2019-01-23 14:18:23.240327"], ["updated_at", "2019-01-23 14:18:23.240327"]]
  ↳ app/controllers/users_controller.rb:9
  [1m[35m (128.2ms)[0m  [1m[36mcommit transaction[0m
  ↳ app/controllers/users_controller.rb:9
Redirected to http://localhost:3000/users/new
Completed 302 Found in 236ms (ActiveRecord: 216.8ms)


Started GET "/users/new" for 127.0.0.1 at 2019-01-23 15:18:23 +0100
Processing by UsersController#new as HTML
  Rendering users/new.html.erb within layouts/application
  Rendered users/new.html.erb within layouts/application (0.5ms)
Completed 200 OK in 79ms (Views: 68.7ms | ActiveRecord: 0.0ms)


Started GET "/users/new" for 127.0.0.1 at 2019-01-23 15:23:26 +0100
  [1m[35m (0.5ms)[0m  [1m[34mSELECT "schema_migrations"."version" FROM "schema_migrations" ORDER BY "schema_migrations"."version" ASC[0m
  ↳ /home/zlajabekrija/.rvm/gems/ruby-2.6.0/gems/activerecord-5.2.2/lib/active_record/log_subscriber.rb:98
Processing by UsersController#new as HTML
  Rendering users/new.html.erb within layouts/application
  Rendered users/new.html.erb within layouts/application (2.0ms)
Completed 200 OK in 1349ms (Views: 1332.7ms | ActiveRecord: 0.0ms)


Started POST "/users" for 127.0.0.1 at 2019-01-23 15:23:37 +0100
Processing by UsersController#create as HTML
  Parameters: {"username"=>"sasa", "email"=>"a@a.com", "password"=>"[FILTERED]", "authenticity_token"=>"2PRWivS0IM+oQBQOckrUp2k9xcBuVfJeDW5D+mYG+NpaTaQbCa26SDbXo9t9HyXtzWCBsNUMeWlbsXQnos6XFg=="}
Completed 500 Internal Server Error in 8ms (ActiveRecord: 0.0ms)


  
ArgumentError (wrong number of arguments (given 3, expected 1)):
  
app/controllers/users_controller.rb:17:in `fine_user'
app/controllers/users_controller.rb:7:in `create'
Started GET "/users/new" for 127.0.0.1 at 2019-01-23 15:24:14 +0100
Processing by UsersController#new as HTML
  Rendering users/new.html.erb within layouts/application
  Rendered users/new.html.erb within layouts/application (0.6ms)
Completed 200 OK in 70ms (Views: 66.1ms | ActiveRecord: 0.0ms)


Started POST "/users" for 127.0.0.1 at 2019-01-23 15:24:21 +0100
Processing by UsersController#create as HTML
  Parameters: {"username"=>"dasda", "email"=>"a@a.com", "password"=>"[FILTERED]", "authenticity_token"=>"wjRF0HNF+B+t5fQqYw4UlkarwAxeD2ZxRVcYGK7ot51AjbdBjlximDNyQ/9sW+Xc4vaEfOVW7UYTiC/FaiDYUQ=="}
Completed 400 Bad Request in 3ms (ActiveRecord: 0.0ms)


  
ActionController::ParameterMissing (param is missing or the value is empty: user):
  
app/controllers/users_controller.rb:17:in `fine_user'
app/controllers/users_controller.rb:7:in `create'
Started GET "/users/new" for 127.0.0.1 at 2019-01-23 15:24:43 +0100
Processing by UsersController#new as HTML
  Rendering users/new.html.erb within layouts/application
  Rendered users/new.html.erb within layouts/application (0.6ms)
Completed 200 OK in 60ms (Views: 56.4ms | ActiveRecord: 0.0ms)


Started POST "/users" for 127.0.0.1 at 2019-01-23 15:24:50 +0100
Processing by UsersController#create as HTML
  Parameters: {"username"=>"a", "email"=>"a@a.com", "password"=>"[FILTERED]", "authenticity_token"=>"hCtkxxEvhFdAmuGaQW5euyZUJ6Mx9rvftbqPG+wSj7EGkpZW7DYe0N4NVk9OO6/xgglj04qvMOjjZbjGKNrgfQ=="}
Completed 400 Bad Request in 25ms (ActiveRecord: 0.0ms)


  
ActionController::ParameterMissing (param is missing or the value is empty: ):
  
app/controllers/users_controller.rb:17:in `fine_user'
app/controllers/users_controller.rb:7:in `create'
Started GET "/users/new" for 127.0.0.1 at 2019-01-23 15:26:33 +0100
  [1m[35m (0.4ms)[0m  [1m[34mSELECT "schema_migrations"."version" FROM "schema_migrations" ORDER BY "schema_migrations"."version" ASC[0m
  ↳ /home/zlajabekrija/.rvm/gems/ruby-2.6.0/gems/activerecord-5.2.2/lib/active_record/log_subscriber.rb:98
Processing by UsersController#new as HTML
  Rendering users/new.html.erb within layouts/application
  Rendered users/new.html.erb within layouts/application (2.5ms)
Completed 200 OK in 796ms (Views: 779.9ms | ActiveRecord: 0.0ms)


Started POST "/users" for 127.0.0.1 at 2019-01-23 15:26:40 +0100
Processing by UsersController#create as HTML
  Parameters: {"username"=>"a", "email"=>"as@a.com", "password"=>"[FILTERED]", "authenticity_token"=>"yKnui1a6qaRfbTCw2qLES89I84rvYDVB3o9bNlYk/QFKEBwaq6MzI8H6h2XV9zUBaxW3+lQ5vnaIUGzrkuySzQ=="}
Completed 400 Bad Request in 6ms (ActiveRecord: 0.0ms)


  
ActionController::ParameterMissing (param is missing or the value is empty: user):
  
app/controllers/users_controller.rb:17:in `fine_user'
app/controllers/users_controller.rb:7:in `create'
Started GET "/users/new" for 127.0.0.1 at 2019-01-23 15:28:30 +0100
Processing by UsersController#new as HTML
  Rendering users/new.html.erb within layouts/application
  Rendered users/new.html.erb within layouts/application (0.4ms)
Completed 200 OK in 88ms (Views: 81.5ms | ActiveRecord: 0.0ms)


Started POST "/users" for 127.0.0.1 at 2019-01-23 15:28:36 +0100
Processing by UsersController#create as HTML
  Parameters: {"username"=>"ajax", "email"=>"as@a.com", "password"=>"[FILTERED]", "authenticity_token"=>"7Dj2GTPQt8FAjOm3Wc8FjW4E5bu2SmL8pYaLuBU3xitugQSIzsktRt4bXmJWmvTHylmhyw0T6cvzWbxl0f+p5w=="}
Completed 400 Bad Request in 3ms (ActiveRecord: 0.0ms)


  
ActionController::ParameterMissing (param is missing or the value is empty: user):
  
app/controllers/users_controller.rb:17:in `fine_user'
app/controllers/users_controller.rb:7:in `create'
Started GET "/users/new" for 127.0.0.1 at 2019-01-23 15:29:38 +0100
Processing by UsersController#new as HTML
  Rendering users/new.html.erb within layouts/application
  Rendered users/new.html.erb within layouts/application (0.7ms)
Completed 200 OK in 91ms (Views: 86.1ms | ActiveRecord: 0.0ms)


Started POST "/users" for 127.0.0.1 at 2019-01-23 15:29:45 +0100
Processing by UsersController#create as HTML
  Parameters: {"user"=>{"username"=>"aasas", "email"=>"a@aa.com", "password"=>"[FILTERED]"}, "authenticity_token"=>"7M/mmOq8Itg68s/wY9KakXL+iTLNacMlyQ8iXdiABJ5udhQJF6W4X6RleCVsh2vb1qPNQnYwSBKf0BWAHEhrUg=="}
Completed 500 Internal Server Error in 18ms (ActiveRecord: 9.5ms)


  
ActiveModel::ForbiddenAttributesError (ActiveModel::ForbiddenAttributesError):
  
app/controllers/users_controller.rb:7:in `create'
Started GET "/users/new" for 127.0.0.1 at 2019-01-23 15:30:02 +0100
Processing by UsersController#new as HTML
  Rendering users/new.html.erb within layouts/application
  Rendered users/new.html.erb within layouts/application (3.2ms)
Completed 200 OK in 87ms (Views: 78.6ms | ActiveRecord: 0.0ms)


Started POST "/users" for 127.0.0.1 at 2019-01-23 15:30:09 +0100
Processing by UsersController#create as HTML
  Parameters: {"user"=>{"username"=>"sasa", "email"=>"sci_fi@startrek.com", "password"=>"[FILTERED]"}, "authenticity_token"=>"tYFdA/XWuKmVeHmYpl6qshG7cmI4mG0Z9wsQNpVuGxo3OK+SCM8iLgvvzk2pC1v4teY2EoPB5i6h1CfrUaZ01g=="}
  [1m[35m (0.1ms)[0m  [1m[36mbegin transaction[0m
  ↳ app/controllers/users_controller.rb:9
  [1m[36mUser Create (27.2ms)[0m  [1m[32mINSERT INTO "users" ("username", "email", "password", "created_at", "updated_at") VALUES (?, ?, ?, ?, ?)[0m  [["username", "sasa"], ["email", "sci_fi@startrek.com"], ["password", "sasasa"], ["created_at", "2019-01-23 14:30:09.842004"], ["updated_at", "2019-01-23 14:30:09.842004"]]
  ↳ app/controllers/users_controller.rb:9
  [1m[35m (69.5ms)[0m  [1m[36mcommit transaction[0m
  ↳ app/controllers/users_controller.rb:9
Redirected to http://localhost:3000/users/new
Completed 302 Found in 158ms (ActiveRecord: 100.2ms)


Started GET "/users/new" for 127.0.0.1 at 2019-01-23 15:30:09 +0100
Processing by UsersController#new as HTML
  Rendering users/new.html.erb within layouts/application
  Rendered users/new.html.erb within layouts/application (0.5ms)
Completed 200 OK in 59ms (Views: 51.2ms | ActiveRecord: 0.0ms)


Started GET "/users/new" for 127.0.0.1 at 2019-01-23 15:38:55 +0100
Processing by UsersController#new as HTML
  Rendering users/new.html.erb within layouts/application
  Rendered users/new.html.erb within layouts/application (0.7ms)
Completed 500 Internal Server Error in 23ms (ActiveRecord: 0.0ms)


  
SyntaxError (/mnt/c/Users/Zlaya/projects/ror/re-former/app/views/users/new.html.erb:16: syntax error, unexpected '<'
...reeze;@output_buffer.append=( <%= label_tag (:for, "username...
...                              ^
/mnt/c/Users/Zlaya/projects/ror/re-former/app/views/users/new.html.erb:19: syntax error, unexpected ensure, expecting ')'
          ensure
          ^~~~~~
/mnt/c/Users/Zlaya/projects/ror/re-former/app/views/users/new.html.erb:21: syntax error, unexpected end, expecting ')'
          end
          ^~~):
  
app/views/users/new.html.erb:16: syntax error, unexpected '<'
app/views/users/new.html.erb:19: syntax error, unexpected ensure, expecting ')'
app/views/users/new.html.erb:21: syntax error, unexpected end, expecting ')'
Started GET "/users/new" for 127.0.0.1 at 2019-01-23 15:39:14 +0100
Processing by UsersController#new as HTML
  Rendering users/new.html.erb within layouts/application
  Rendered users/new.html.erb within layouts/application (1.5ms)
Completed 500 Internal Server Error in 22ms (ActiveRecord: 0.0ms)


  
SyntaxError (/mnt/c/Users/Zlaya/projects/ror/re-former/app/views/users/new.html.erb:16: syntax error, unexpected '<'
...reeze;@output_buffer.append=( <%= label_tag (:username, "use...
...                              ^
/mnt/c/Users/Zlaya/projects/ror/re-former/app/views/users/new.html.erb:19: syntax error, unexpected ensure, expecting ')'
          ensure
          ^~~~~~
/mnt/c/Users/Zlaya/projects/ror/re-former/app/views/users/new.html.erb:21: syntax error, unexpected end, expecting ')'
          end
          ^~~):
  
app/views/users/new.html.erb:16: syntax error, unexpected '<'
app/views/users/new.html.erb:19: syntax error, unexpected ensure, expecting ')'
app/views/users/new.html.erb:21: syntax error, unexpected end, expecting ')'
Started GET "/users/new" for 127.0.0.1 at 2019-01-23 15:40:00 +0100
Processing by UsersController#new as HTML
  Rendering users/new.html.erb within layouts/application
  Rendered users/new.html.erb within layouts/application (0.5ms)
Completed 500 Internal Server Error in 16ms (ActiveRecord: 0.0ms)


  
SyntaxError (/mnt/c/Users/Zlaya/projects/ror/re-former/app/views/users/new.html.erb:16: syntax error, unexpected '<'
...reeze;@output_buffer.append=( <%= label_tag ("username", "us...
...                              ^
/mnt/c/Users/Zlaya/projects/ror/re-former/app/views/users/new.html.erb:19: syntax error, unexpected ensure, expecting ')'
          ensure
          ^~~~~~
/mnt/c/Users/Zlaya/projects/ror/re-former/app/views/users/new.html.erb:21: syntax error, unexpected end, expecting ')'
          end
          ^~~):
  
app/views/users/new.html.erb:16: syntax error, unexpected '<'
app/views/users/new.html.erb:19: syntax error, unexpected ensure, expecting ')'
app/views/users/new.html.erb:21: syntax error, unexpected end, expecting ')'
Started GET "/users/new" for 127.0.0.1 at 2019-01-23 15:40:25 +0100
Processing by UsersController#new as HTML
  Rendering users/new.html.erb within layouts/application
  Rendered users/new.html.erb within layouts/application (0.5ms)
Completed 500 Internal Server Error in 12ms (ActiveRecord: 0.0ms)


  
SyntaxError (/mnt/c/Users/Zlaya/projects/ror/re-former/app/views/users/new.html.erb:16: syntax error, unexpected '<'
...reeze;@output_buffer.append=( <%= label_tag ("username", "us...
...                              ^
/mnt/c/Users/Zlaya/projects/ror/re-former/app/views/users/new.html.erb:19: syntax error, unexpected ensure, expecting ')'
          ensure
          ^~~~~~
/mnt/c/Users/Zlaya/projects/ror/re-former/app/views/users/new.html.erb:21: syntax error, unexpected end, expecting ')'
          end
          ^~~):
  
app/views/users/new.html.erb:16: syntax error, unexpected '<'
app/views/users/new.html.erb:19: syntax error, unexpected ensure, expecting ')'
app/views/users/new.html.erb:21: syntax error, unexpected end, expecting ')'
Started GET "/users/new" for 127.0.0.1 at 2019-01-23 15:40:34 +0100
Processing by UsersController#new as HTML
  Rendering users/new.html.erb within layouts/application
  Rendered users/new.html.erb within layouts/application (2.8ms)
Completed 500 Internal Server Error in 41ms (ActiveRecord: 0.0ms)


  
SyntaxError (/mnt/c/Users/Zlaya/projects/ror/re-former/app/views/users/new.html.erb:16: syntax error, unexpected ',', expecting ')'
...append=( label_tag ("username", "username") );@output_buffer...
...                              ^
/mnt/c/Users/Zlaya/projects/ror/re-former/app/views/users/new.html.erb:16: syntax error, unexpected ')', expecting end
..._tag ("username", "username") );@output_buffer.safe_append='...
...                              ^):
  
app/views/users/new.html.erb:16: syntax error, unexpected ',', expecting ')'
app/views/users/new.html.erb:16: syntax error, unexpected ')', expecting end
Started GET "/users/new" for 127.0.0.1 at 2019-01-23 15:40:58 +0100
Processing by UsersController#new as HTML
  Rendering users/new.html.erb within layouts/application
  Rendered users/new.html.erb within layouts/application (15.6ms)
Completed 500 Internal Server Error in 37ms (ActiveRecord: 0.0ms)


  
ActionView::Template::Error (wrong number of arguments (given 1, expected 2..3)):
    13: <%
    14: =end%>
    15: <% form_tag('/users') %>
    16: <p><%= text_field 'username' %></p>
  
app/views/users/new.html.erb:16:in `_app_views_users_new_html_erb___2049787965097498560_69875796964580'
Started GET "/users/new" for 127.0.0.1 at 2019-01-23 15:41:23 +0100
Processing by UsersController#new as HTML
  Rendering users/new.html.erb within layouts/application
  Rendered users/new.html.erb within layouts/application (18.5ms)
Completed 200 OK in 107ms (Views: 102.2ms | ActiveRecord: 0.0ms)


Started GET "/users/new" for 127.0.0.1 at 2019-01-23 15:42:05 +0100
Processing by UsersController#new as HTML
  Rendering users/new.html.erb within layouts/application
  Rendered users/new.html.erb within layouts/application (0.7ms)
Completed 200 OK in 84ms (Views: 81.1ms | ActiveRecord: 0.0ms)


Started GET "/users/new" for 127.0.0.1 at 2019-01-23 15:42:25 +0100
Processing by UsersController#new as HTML
  Rendering users/new.html.erb within layouts/application
  Rendered users/new.html.erb within layouts/application (0.6ms)
Completed 200 OK in 71ms (Views: 67.8ms | ActiveRecord: 0.0ms)


Started GET "/users/new" for 127.0.0.1 at 2019-01-23 15:42:32 +0100
Processing by UsersController#new as HTML
  Rendering users/new.html.erb within layouts/application
  Rendered users/new.html.erb within layouts/application (0.9ms)
Completed 200 OK in 73ms (Views: 68.9ms | ActiveRecord: 0.0ms)


Started GET "/users/new" for 127.0.0.1 at 2019-01-23 15:42:54 +0100
Processing by UsersController#new as HTML
  Rendering users/new.html.erb within layouts/application
  Rendered users/new.html.erb within layouts/application (0.7ms)
Completed 200 OK in 66ms (Views: 60.4ms | ActiveRecord: 0.0ms)


Started GET "/users/new" for 127.0.0.1 at 2019-01-23 15:44:20 +0100
Processing by UsersController#new as HTML
  Rendering users/new.html.erb within layouts/application
  Rendered users/new.html.erb within layouts/application (100.2ms)
Completed 200 OK in 166ms (Views: 163.4ms | ActiveRecord: 0.0ms)


Started GET "/users/new" for 127.0.0.1 at 2019-01-23 15:45:33 +0100
Processing by UsersController#new as HTML
  Rendering users/new.html.erb within layouts/application
  Rendered users/new.html.erb within layouts/application (1.4ms)
Completed 200 OK in 79ms (Views: 69.6ms | ActiveRecord: 0.0ms)


Started GET "/users/new" for 127.0.0.1 at 2019-01-23 15:45:44 +0100
Processing by UsersController#new as HTML
  Rendering users/new.html.erb within layouts/application
  Rendered users/new.html.erb within layouts/application (1.2ms)
Completed 200 OK in 86ms (Views: 80.2ms | ActiveRecord: 0.0ms)


Started GET "/users/new" for 127.0.0.1 at 2019-01-23 15:46:57 +0100
Processing by UsersController#new as HTML
  Rendering users/new.html.erb within layouts/application
  Rendered users/new.html.erb within layouts/application (2.3ms)
Completed 200 OK in 80ms (Views: 73.6ms | ActiveRecord: 0.0ms)


Started GET "/users/new" for 127.0.0.1 at 2019-01-23 15:48:59 +0100
Processing by UsersController#new as HTML
  Rendering users/new.html.erb within layouts/application
  Rendered users/new.html.erb within layouts/application (1.4ms)
Completed 200 OK in 74ms (Views: 70.5ms | ActiveRecord: 0.0ms)


Started GET "/users/new" for 127.0.0.1 at 2019-01-23 15:50:48 +0100
  [1m[35m (0.5ms)[0m  [1m[34mSELECT "schema_migrations"."version" FROM "schema_migrations" ORDER BY "schema_migrations"."version" ASC[0m
  ↳ /home/zlajabekrija/.rvm/gems/ruby-2.6.0/gems/activerecord-5.2.2/lib/active_record/log_subscriber.rb:98
Processing by UsersController#new as HTML
  Rendering users/new.html.erb within layouts/application
  Rendered users/new.html.erb within layouts/application (18.5ms)
Completed 200 OK in 688ms (Views: 673.0ms | ActiveRecord: 0.0ms)


Started GET "/users/new" for 127.0.0.1 at 2019-01-23 15:50:59 +0100
Processing by UsersController#new as HTML
  Rendering users/new.html.erb within layouts/application
  Rendered users/new.html.erb within layouts/application (1.1ms)
Completed 200 OK in 80ms (Views: 75.2ms | ActiveRecord: 0.0ms)


Started GET "/users/new" for 127.0.0.1 at 2019-01-23 15:51:08 +0100
Processing by UsersController#new as HTML
  Rendering users/new.html.erb within layouts/application
  Rendered users/new.html.erb within layouts/application (7.6ms)
Completed 200 OK in 89ms (Views: 85.4ms | ActiveRecord: 0.0ms)


Started GET "/users/new" for 127.0.0.1 at 2019-01-23 15:51:16 +0100
Processing by UsersController#new as HTML
  Rendering users/new.html.erb within layouts/application
  Rendered users/new.html.erb within layouts/application (0.9ms)
Completed 500 Internal Server Error in 16ms (ActiveRecord: 0.0ms)


  
SyntaxError (/mnt/c/Users/Zlaya/projects/ror/re-former/app/views/users/new.html.erb:22: syntax error, unexpected tLABEL, expecting '='
...ffer.append=( button_tag ,type: 'Submit',data: {confirm: 'Ar...
...                          ^~~~~
/mnt/c/Users/Zlaya/projects/ror/re-former/app/views/users/new.html.erb:22: syntax error, unexpected ',', expecting ')'
...d=( button_tag ,type: 'Submit',data: {confirm: 'Are you sure...
...                              ^):
  
app/views/users/new.html.erb:22: syntax error, unexpected tLABEL, expecting '='
app/views/users/new.html.erb:22: syntax error, unexpected ',', expecting ')'
Started GET "/users/new" for 127.0.0.1 at 2019-01-23 15:51:47 +0100
Processing by UsersController#new as HTML
  Rendering users/new.html.erb within layouts/application
  Rendered users/new.html.erb within layouts/application (2.9ms)
Completed 200 OK in 116ms (Views: 111.7ms | ActiveRecord: 0.0ms)


Started GET "/users/new" for 127.0.0.1 at 2019-01-23 15:52:08 +0100
Processing by UsersController#new as HTML
  Rendering users/new.html.erb within layouts/application
  Rendered users/new.html.erb within layouts/application (1.9ms)
Completed 200 OK in 85ms (Views: 82.4ms | ActiveRecord: 0.0ms)


Started GET "/users/new" for 127.0.0.1 at 2019-01-23 15:53:53 +0100
Processing by UsersController#new as HTML
  Rendering users/new.html.erb within layouts/application
  Rendered users/new.html.erb within layouts/application (7.4ms)
Completed 200 OK in 76ms (Views: 68.1ms | ActiveRecord: 0.0ms)


Started GET "/users/new" for 127.0.0.1 at 2019-01-23 15:54:20 +0100
  [1m[35m (0.7ms)[0m  [1m[34mSELECT "schema_migrations"."version" FROM "schema_migrations" ORDER BY "schema_migrations"."version" ASC[0m
  ↳ /home/zlajabekrija/.rvm/gems/ruby-2.6.0/gems/activerecord-5.2.2/lib/active_record/log_subscriber.rb:98
Processing by UsersController#new as HTML
  Rendering users/new.html.erb within layouts/application
  Rendered users/new.html.erb within layouts/application (10.7ms)
Completed 200 OK in 802ms (Views: 784.4ms | ActiveRecord: 0.0ms)


Started GET "/users/new" for 127.0.0.1 at 2019-01-23 15:55:55 +0100
Processing by UsersController#new as HTML
  Rendering users/new.html.erb within layouts/application
  Rendered users/new.html.erb within layouts/application (1.1ms)
Completed 200 OK in 85ms (Views: 81.3ms | ActiveRecord: 0.0ms)


Started GET "/users/new" for 127.0.0.1 at 2019-01-23 15:56:47 +0100
Processing by UsersController#new as HTML
  Rendering users/new.html.erb within layouts/application
  Rendered users/new.html.erb within layouts/application (1.7ms)
Completed 200 OK in 70ms (Views: 66.0ms | ActiveRecord: 0.0ms)


Started GET "/users/new" for 127.0.0.1 at 2019-01-23 15:58:34 +0100
Processing by UsersController#new as HTML
  Rendering users/new.html.erb within layouts/application
  Rendered users/new.html.erb within layouts/application (2.1ms)
Completed 500 Internal Server Error in 76ms (ActiveRecord: 0.0ms)


  
SyntaxError (/mnt/c/Users/Zlaya/projects/ror/re-former/app/views/users/new.html.erb:25: syntax error, unexpected ensure, expecting end-of-input
          ensure
          ^~~~~~):
  
app/views/users/new.html.erb:25: syntax error, unexpected ensure, expecting end-of-input
Started GET "/users/new" for 127.0.0.1 at 2019-01-23 15:59:02 +0100
Processing by UsersController#new as HTML
  Rendering users/new.html.erb within layouts/application
  Rendered users/new.html.erb within layouts/application (1.6ms)
Completed 200 OK in 91ms (Views: 79.6ms | ActiveRecord: 0.0ms)


Started GET "/users/new" for 127.0.0.1 at 2019-01-23 15:59:05 +0100
Processing by UsersController#new as HTML
  Rendering users/new.html.erb within layouts/application
  Rendered users/new.html.erb within layouts/application (1.2ms)
Completed 200 OK in 98ms (Views: 85.7ms | ActiveRecord: 0.0ms)


Started GET "/users/new" for 127.0.0.1 at 2019-01-23 15:59:20 +0100
Processing by UsersController#new as HTML
  Rendering users/new.html.erb within layouts/application
  Rendered users/new.html.erb within layouts/application (1.7ms)
Completed 200 OK in 80ms (Views: 70.6ms | ActiveRecord: 0.0ms)


Started GET "/users/new" for 127.0.0.1 at 2019-01-23 16:00:40 +0100
Processing by UsersController#new as HTML
  Rendering users/new.html.erb within layouts/application
  Rendered users/new.html.erb within layouts/application (1.3ms)
Completed 200 OK in 92ms (Views: 82.2ms | ActiveRecord: 0.0ms)


Started GET "/users/new" for 127.0.0.1 at 2019-01-23 16:09:20 +0100
Processing by UsersController#new as HTML
  Rendering users/new.html.erb within layouts/application
  Rendered users/new.html.erb within layouts/application (1.8ms)
Completed 200 OK in 83ms (Views: 71.7ms | ActiveRecord: 0.0ms)


Started GET "/users/new" for 127.0.0.1 at 2019-01-23 16:09:45 +0100
Processing by UsersController#new as HTML
  Rendering users/new.html.erb within layouts/application
  Rendered users/new.html.erb within layouts/application (0.8ms)
Completed 500 Internal Server Error in 25ms (ActiveRecord: 0.0ms)


  
SyntaxError (/mnt/c/Users/Zlaya/projects/ror/re-former/app/views/users/new.html.erb:25: syntax error, unexpected ensure, expecting end-of-input
          ensure
          ^~~~~~):
  
app/views/users/new.html.erb:25: syntax error, unexpected ensure, expecting end-of-input
Started GET "/users/new" for 127.0.0.1 at 2019-01-23 16:11:38 +0100
Processing by UsersController#new as HTML
  Rendering users/new.html.erb within layouts/application
  Rendered users/new.html.erb within layouts/application (0.9ms)
Completed 500 Internal Server Error in 34ms (ActiveRecord: 0.0ms)


  
SyntaxError (/mnt/c/Users/Zlaya/projects/ror/re-former/app/views/users/new.html.erb:25: syntax error, unexpected ensure, expecting end-of-input
          ensure
          ^~~~~~):
  
app/views/users/new.html.erb:25: syntax error, unexpected ensure, expecting end-of-input
Started GET "/users/new" for 127.0.0.1 at 2019-01-23 16:11:45 +0100
Processing by UsersController#new as HTML
  Rendering users/new.html.erb within layouts/application
  Rendered users/new.html.erb within layouts/application (0.9ms)
Completed 200 OK in 85ms (Views: 82.0ms | ActiveRecord: 0.0ms)


Started POST "/users" for 127.0.0.1 at 2019-01-23 16:11:47 +0100
Processing by UsersController#create as HTML
  Parameters: {"utf8"=>"✓", "authenticity_token"=>"yPCme4u89jzJKlo2lyk7Tr9UwqYjpDQFm8X+KSj3jBNKSVTqdqVsu1e97eOYfMoEGwmG1pj9vzLNGsn07D/j3w==", "username"=>{"username"=>""}, "email"=>{"email"=>""}, "password"=>"[FILTERED]", "commit"=>"Save changes"}
Completed 500 Internal Server Error in 14ms (ActiveRecord: 0.0ms)


  
ArgumentError (wrong number of arguments (given 3, expected 0..1)):
  
app/controllers/users_controller.rb:9:in `create'
Started GET "/users/n" for 127.0.0.1 at 2019-01-23 16:12:38 +0100
  
ActionController::RoutingError (No route matches [GET] "/users/n"):
  
actionpack (5.2.2) lib/action_dispatch/middleware/debug_exceptions.rb:65:in `call'
web-console (3.7.0) lib/web_console/middleware.rb:135:in `call_app'
web-console (3.7.0) lib/web_console/middleware.rb:30:in `block in call'
web-console (3.7.0) lib/web_console/middleware.rb:20:in `catch'
web-console (3.7.0) lib/web_console/middleware.rb:20:in `call'
actionpack (5.2.2) lib/action_dispatch/middleware/show_exceptions.rb:33:in `call'
railties (5.2.2) lib/rails/rack/logger.rb:38:in `call_app'
railties (5.2.2) lib/rails/rack/logger.rb:26:in `block in call'
activesupport (5.2.2) lib/active_support/tagged_logging.rb:71:in `block in tagged'
activesupport (5.2.2) lib/active_support/tagged_logging.rb:28:in `tagged'
activesupport (5.2.2) lib/active_support/tagged_logging.rb:71:in `tagged'
railties (5.2.2) lib/rails/rack/logger.rb:26:in `call'
sprockets-rails (3.2.1) lib/sprockets/rails/quiet_assets.rb:13:in `call'
actionpack (5.2.2) lib/action_dispatch/middleware/remote_ip.rb:81:in `call'
actionpack (5.2.2) lib/action_dispatch/middleware/request_id.rb:27:in `call'
rack (2.0.6) lib/rack/method_override.rb:22:in `call'
rack (2.0.6) lib/rack/runtime.rb:22:in `call'
activesupport (5.2.2) lib/active_support/cache/strategy/local_cache_middleware.rb:29:in `call'
actionpack (5.2.2) lib/action_dispatch/middleware/executor.rb:14:in `call'
actionpack (5.2.2) lib/action_dispatch/middleware/static.rb:127:in `call'
rack (2.0.6) lib/rack/sendfile.rb:111:in `call'
railties (5.2.2) lib/rails/engine.rb:524:in `call'
puma (3.12.0) lib/puma/configuration.rb:225:in `call'
puma (3.12.0) lib/puma/server.rb:658:in `handle_request'
puma (3.12.0) lib/puma/server.rb:472:in `process_client'
puma (3.12.0) lib/puma/server.rb:332:in `block in run'
puma (3.12.0) lib/puma/thread_pool.rb:133:in `block in spawn_thread'
Started GET "/users/new" for 127.0.0.1 at 2019-01-23 16:12:41 +0100
Processing by UsersController#new as HTML
  Rendering users/new.html.erb within layouts/application
  Rendered users/new.html.erb within layouts/application (5.1ms)
Completed 200 OK in 80ms (Views: 72.7ms | ActiveRecord: 0.0ms)


Started POST "/users" for 127.0.0.1 at 2019-01-23 16:12:49 +0100
Processing by UsersController#create as HTML
  Parameters: {"utf8"=>"✓", "authenticity_token"=>"Lf4/UrTOSCPAatx7oqDaTgnAHXMTcKOiZ2LwRkeiA22vR83DSdfSpF79a66t9SsErZ1ZA6gpKJUxvcebg2psoQ==", "username"=>{"username"=>"asasa"}, "email"=>{"email"=>"a@a.com"}, "password"=>"[FILTERED]", "commit"=>"Save changes"}
  [1m[35m (0.1ms)[0m  [1m[36mbegin transaction[0m
  ↳ app/controllers/users_controller.rb:10
  [1m[36mUser Create (28.9ms)[0m  [1m[32mINSERT INTO "users" ("username", "email", "password", "created_at", "updated_at") VALUES (?, ?, ?, ?, ?)[0m  [["username", "{\"username\"=>\"asasa\"}"], ["email", "{\"email\"=>\"a@a.com\"}"], ["password", "{\"password\"=>\"dasdfsd\"}"], ["created_at", "2019-01-23 15:12:49.840696"], ["updated_at", "2019-01-23 15:12:49.840696"]]
  ↳ app/controllers/users_controller.rb:10
  [1m[35m (67.3ms)[0m  [1m[36mcommit transaction[0m
  ↳ app/controllers/users_controller.rb:10
Redirected to http://localhost:3000/users/new
Completed 302 Found in 154ms (ActiveRecord: 97.8ms)


Started GET "/users/new" for 127.0.0.1 at 2019-01-23 16:12:50 +0100
Processing by UsersController#new as HTML
  Rendering users/new.html.erb within layouts/application
  Rendered users/new.html.erb within layouts/application (1.2ms)
Completed 200 OK in 50ms (Views: 46.5ms | ActiveRecord: 0.0ms)


Started GET "/users/new" for 127.0.0.1 at 2019-01-23 16:13:14 +0100
Processing by UsersController#new as HTML
  Rendering users/new.html.erb within layouts/application
  Rendered users/new.html.erb within layouts/application (1.2ms)
Completed 200 OK in 64ms (Views: 56.6ms | ActiveRecord: 0.0ms)


Started GET "/users/new" for 127.0.0.1 at 2019-01-23 16:13:36 +0100
Processing by UsersController#new as HTML
  Rendering users/new.html.erb within layouts/application
  Rendered users/new.html.erb within layouts/application (1.1ms)
Completed 200 OK in 80ms (Views: 71.4ms | ActiveRecord: 0.0ms)


Started POST "/users" for 127.0.0.1 at 2019-01-23 16:13:38 +0100
Processing by UsersController#create as HTML
  Parameters: {"utf8"=>"✓", "authenticity_token"=>"yaeUPKXU1hMsnSriWeT+Xq5YYx9iMNQPK7Lnbu1CCrxLHmatWM1MlLIKnTdWsQ8UCgUnb9lpXzh9bdCzKYplcA==", "username"=>{"username"=>""}, "email"=>{"email"=>""}, "password"=>"[FILTERED]", "commit"=>"Save changes"}
  [1m[35m (0.1ms)[0m  [1m[36mbegin transaction[0m
  ↳ app/controllers/users_controller.rb:10
  [1m[36mUser Create (92.7ms)[0m  [1m[32mINSERT INTO "users" ("username", "email", "password", "created_at", "updated_at") VALUES (?, ?, ?, ?, ?)[0m  [["username", "{\"username\"=>\"\"}"], ["email", "{\"email\"=>\"\"}"], ["password", "{\"password\"=>\"\"}"], ["created_at", "2019-01-23 15:13:38.283698"], ["updated_at", "2019-01-23 15:13:38.283698"]]
  ↳ app/controllers/users_controller.rb:10
  [1m[35m (158.3ms)[0m  [1m[36mcommit transaction[0m
  ↳ app/controllers/users_controller.rb:10
Redirected to http://localhost:3000/users/new
Completed 302 Found in 260ms (ActiveRecord: 251.1ms)


Started GET "/users/new" for 127.0.0.1 at 2019-01-23 16:13:38 +0100
Processing by UsersController#new as HTML
  Rendering users/new.html.erb within layouts/application
  Rendered users/new.html.erb within layouts/application (1.3ms)
Completed 200 OK in 61ms (Views: 50.7ms | ActiveRecord: 0.0ms)


Started GET "/users/new" for 127.0.0.1 at 2019-01-23 16:16:45 +0100
Processing by UsersController#new as HTML
  Rendering users/new.html.erb within layouts/application
  Rendered users/new.html.erb within layouts/application (4.5ms)
Completed 200 OK in 102ms (Views: 80.0ms | ActiveRecord: 4.2ms)


Started POST "/users" for 127.0.0.1 at 2019-01-23 16:17:04 +0100
Processing by UsersController#create as HTML
  Parameters: {"utf8"=>"✓", "authenticity_token"=>"BAbEozHYMgOk1X/v9k+5w06spg7gZaVFs5pjSZ5frMCGvzYyzMGohDpCyDr5GkiJ6vHifls8LnLlRVSUWpfDDA==", "user"=>{"username"=>"sadsa", "email"=>"dsadas@a.com", "password"=>"[FILTERED]"}, "commit"=>"Create"}
  [1m[35m (0.1ms)[0m  [1m[36mbegin transaction[0m
  ↳ app/controllers/users_controller.rb:11
  [1m[36mUser Create (2.6ms)[0m  [1m[32mINSERT INTO "users" ("username", "email", "password", "created_at", "updated_at") VALUES (?, ?, ?, ?, ?)[0m  [["username", "sadsa"], ["email", "dsadas@a.com"], ["password", "asadas"], ["created_at", "2019-01-23 15:17:04.499604"], ["updated_at", "2019-01-23 15:17:04.499604"]]
  ↳ app/controllers/users_controller.rb:11
  [1m[35m (147.8ms)[0m  [1m[36mcommit transaction[0m
  ↳ app/controllers/users_controller.rb:11
Redirected to http://localhost:3000/users/new
Completed 302 Found in 178ms (ActiveRecord: 150.6ms)


Started GET "/users/new" for 127.0.0.1 at 2019-01-23 16:17:04 +0100
Processing by UsersController#new as HTML
  Rendering users/new.html.erb within layouts/application
  Rendered users/new.html.erb within layouts/application (2.9ms)
Completed 200 OK in 91ms (Views: 88.1ms | ActiveRecord: 0.0ms)


Started GET "/users/new" for 127.0.0.1 at 2019-01-23 16:17:43 +0100
Processing by UsersController#new as HTML
  Rendering users/new.html.erb within layouts/application
  Rendered users/new.html.erb within layouts/application (1.0ms)
Completed 500 Internal Server Error in 19ms (ActiveRecord: 0.0ms)


  
SyntaxError (/mnt/c/Users/Zlaya/projects/ror/re-former/app/views/users/new.html.erb:30: syntax error, unexpected '<'
    <%= f.text_field :username );@...
    ^
/mnt/c/Users/Zlaya/projects/ror/re-former/app/views/users/new.html.erb:34: syntax error, unexpected end, expecting ')'
...er.safe_append='  '.freeze; end ;
...                            ^~~
/mnt/c/Users/Zlaya/projects/ror/re-former/app/views/users/new.html.erb:36: syntax error, unexpected ensure, expecting ')'
          ensure
          ^~~~~~
/mnt/c/Users/Zlaya/projects/ror/re-former/app/views/users/new.html.erb:38: syntax error, unexpected end, expecting ')'
          end
          ^~~):
  
app/views/users/new.html.erb:30: syntax error, unexpected '<'
app/views/users/new.html.erb:34: syntax error, unexpected end, expecting ')'
app/views/users/new.html.erb:36: syntax error, unexpected ensure, expecting ')'
app/views/users/new.html.erb:38: syntax error, unexpected end, expecting ')'
Started GET "/users/new" for 127.0.0.1 at 2019-01-23 16:17:55 +0100
Processing by UsersController#new as HTML
  Rendering users/new.html.erb within layouts/application
  Rendered users/new.html.erb within layouts/application (2.2ms)
Completed 500 Internal Server Error in 21ms (ActiveRecord: 0.0ms)


  
SyntaxError (/mnt/c/Users/Zlaya/projects/ror/re-former/app/views/users/new.html.erb:30: syntax error, unexpected '<'
    <%= f.text_field :username );@...
    ^
/mnt/c/Users/Zlaya/projects/ror/re-former/app/views/users/new.html.erb:34: syntax error, unexpected end, expecting ')'
...er.safe_append='  '.freeze; end ;
...                            ^~~
/mnt/c/Users/Zlaya/projects/ror/re-former/app/views/users/new.html.erb:36: syntax error, unexpected ensure, expecting ')'
          ensure
          ^~~~~~
/mnt/c/Users/Zlaya/projects/ror/re-former/app/views/users/new.html.erb:38: syntax error, unexpected end, expecting ')'
          end
          ^~~):
  
app/views/users/new.html.erb:30: syntax error, unexpected '<'
app/views/users/new.html.erb:34: syntax error, unexpected end, expecting ')'
app/views/users/new.html.erb:36: syntax error, unexpected ensure, expecting ')'
app/views/users/new.html.erb:38: syntax error, unexpected end, expecting ')'
Started GET "/users/new" for 127.0.0.1 at 2019-01-23 16:19:06 +0100
Processing by UsersController#new as HTML
  Rendering users/new.html.erb within layouts/application
  Rendered users/new.html.erb within layouts/application (1.2ms)
Completed 500 Internal Server Error in 23ms (ActiveRecord: 0.0ms)


  
SyntaxError (/mnt/c/Users/Zlaya/projects/ror/re-former/app/views/users/new.html.erb:30: syntax error, unexpected '<'
    <%= f.text_field :username );@...
    ^
/mnt/c/Users/Zlaya/projects/ror/re-former/app/views/users/new.html.erb:34: syntax error, unexpected end, expecting ')'
...er.safe_append='  '.freeze; end ;
...                            ^~~
/mnt/c/Users/Zlaya/projects/ror/re-former/app/views/users/new.html.erb:36: syntax error, unexpected ensure, expecting ')'
          ensure
          ^~~~~~
/mnt/c/Users/Zlaya/projects/ror/re-former/app/views/users/new.html.erb:38: syntax error, unexpected end, expecting ')'
          end
          ^~~):
  
app/views/users/new.html.erb:30: syntax error, unexpected '<'
app/views/users/new.html.erb:34: syntax error, unexpected end, expecting ')'
app/views/users/new.html.erb:36: syntax error, unexpected ensure, expecting ')'
app/views/users/new.html.erb:38: syntax error, unexpected end, expecting ')'
Started GET "/users/new" for 127.0.0.1 at 2019-01-23 16:19:16 +0100
Processing by UsersController#new as HTML
  Rendering users/new.html.erb within layouts/application
  Rendered users/new.html.erb within layouts/application (101.9ms)
Completed 200 OK in 156ms (Views: 153.1ms | ActiveRecord: 0.0ms)


Started GET "/users/new" for 127.0.0.1 at 2019-01-23 16:19:41 +0100
Processing by UsersController#new as HTML
  Rendering users/new.html.erb within layouts/application
  Rendered users/new.html.erb within layouts/application (2.6ms)
Completed 200 OK in 104ms (Views: 83.3ms | ActiveRecord: 0.0ms)


Started GET "/users/1/edit" for 127.0.0.1 at 2019-01-23 16:23:30 +0100
Processing by UsersController#edit as HTML
  Parameters: {"id"=>"1"}
  [1m[36mUser Load (3.3ms)[0m  [1m[34mSELECT  "users".* FROM "users" WHERE "users"."id" = ? LIMIT ?[0m  [["id", 1], ["LIMIT", 1]]
  ↳ app/controllers/users_controller.rb:19
Completed 406 Not Acceptable in 296ms (ActiveRecord: 5.1ms)


  
ActionController::UnknownFormat (UsersController#edit is missing a template for this request format and variant.

request.formats: ["text/html"]
request.variant: []

NOTE! For XHR/Ajax or API requests, this action would normally respond with 204 No Content: an empty white screen. Since you're loading it in a web browser, we assume that you expected to actually render a template, not nothing, so we're showing an error to be extra-clear. If you expect 204 No Content, carry on. That's what you'll get from an XHR or API request. Give it a shot.):
  
actionpack (5.2.2) lib/action_controller/metal/implicit_render.rb:55:in `default_render'
actionpack (5.2.2) lib/action_controller/metal/basic_implicit_render.rb:6:in `block in send_action'
actionpack (5.2.2) lib/action_controller/metal/basic_implicit_render.rb:6:in `tap'
actionpack (5.2.2) lib/action_controller/metal/basic_implicit_render.rb:6:in `send_action'
actionpack (5.2.2) lib/abstract_controller/base.rb:194:in `process_action'
actionpack (5.2.2) lib/action_controller/metal/rendering.rb:30:in `process_action'
actionpack (5.2.2) lib/abstract_controller/callbacks.rb:42:in `block in process_action'
activesupport (5.2.2) lib/active_support/callbacks.rb:132:in `run_callbacks'
actionpack (5.2.2) lib/abstract_controller/callbacks.rb:41:in `process_action'
actionpack (5.2.2) lib/action_controller/metal/rescue.rb:22:in `process_action'
actionpack (5.2.2) lib/action_controller/metal/instrumentation.rb:34:in `block in process_action'
activesupport (5.2.2) lib/active_support/notifications.rb:168:in `block in instrument'
activesupport (5.2.2) lib/active_support/notifications/instrumenter.rb:23:in `instrument'
activesupport (5.2.2) lib/active_support/notifications.rb:168:in `instrument'
actionpack (5.2.2) lib/action_controller/metal/instrumentation.rb:32:in `process_action'
actionpack (5.2.2) lib/action_controller/metal/params_wrapper.rb:256:in `process_action'
activerecord (5.2.2) lib/active_record/railties/controller_runtime.rb:24:in `process_action'
actionpack (5.2.2) lib/abstract_controller/base.rb:134:in `process'
actionview (5.2.2) lib/action_view/rendering.rb:32:in `process'
actionpack (5.2.2) lib/action_controller/metal.rb:191:in `dispatch'
actionpack (5.2.2) lib/action_controller/metal.rb:252:in `dispatch'
actionpack (5.2.2) lib/action_dispatch/routing/route_set.rb:52:in `dispatch'
actionpack (5.2.2) lib/action_dispatch/routing/route_set.rb:34:in `serve'
actionpack (5.2.2) lib/action_dispatch/journey/router.rb:52:in `block in serve'
actionpack (5.2.2) lib/action_dispatch/journey/router.rb:35:in `each'
actionpack (5.2.2) lib/action_dispatch/journey/router.rb:35:in `serve'
actionpack (5.2.2) lib/action_dispatch/routing/route_set.rb:840:in `call'
rack (2.0.6) lib/rack/tempfile_reaper.rb:15:in `call'
rack (2.0.6) lib/rack/etag.rb:25:in `call'
rack (2.0.6) lib/rack/conditional_get.rb:25:in `call'
rack (2.0.6) lib/rack/head.rb:12:in `call'
actionpack (5.2.2) lib/action_dispatch/http/content_security_policy.rb:18:in `call'
rack (2.0.6) lib/rack/session/abstract/id.rb:232:in `context'
rack (2.0.6) lib/rack/session/abstract/id.rb:226:in `call'
actionpack (5.2.2) lib/action_dispatch/middleware/cookies.rb:670:in `call'
activerecord (5.2.2) lib/active_record/migration.rb:559:in `call'
actionpack (5.2.2) lib/action_dispatch/middleware/callbacks.rb:28:in `block in call'
activesupport (5.2.2) lib/active_support/callbacks.rb:98:in `run_callbacks'
actionpack (5.2.2) lib/action_dispatch/middleware/callbacks.rb:26:in `call'
actionpack (5.2.2) lib/action_dispatch/middleware/executor.rb:14:in `call'
actionpack (5.2.2) lib/action_dispatch/middleware/debug_exceptions.rb:61:in `call'
web-console (3.7.0) lib/web_console/middleware.rb:135:in `call_app'
web-console (3.7.0) lib/web_console/middleware.rb:30:in `block in call'
web-console (3.7.0) lib/web_console/middleware.rb:20:in `catch'
web-console (3.7.0) lib/web_console/middleware.rb:20:in `call'
actionpack (5.2.2) lib/action_dispatch/middleware/show_exceptions.rb:33:in `call'
railties (5.2.2) lib/rails/rack/logger.rb:38:in `call_app'
railties (5.2.2) lib/rails/rack/logger.rb:26:in `block in call'
activesupport (5.2.2) lib/active_support/tagged_logging.rb:71:in `block in tagged'
activesupport (5.2.2) lib/active_support/tagged_logging.rb:28:in `tagged'
activesupport (5.2.2) lib/active_support/tagged_logging.rb:71:in `tagged'
railties (5.2.2) lib/rails/rack/logger.rb:26:in `call'
sprockets-rails (3.2.1) lib/sprockets/rails/quiet_assets.rb:13:in `call'
actionpack (5.2.2) lib/action_dispatch/middleware/remote_ip.rb:81:in `call'
actionpack (5.2.2) lib/action_dispatch/middleware/request_id.rb:27:in `call'
rack (2.0.6) lib/rack/method_override.rb:22:in `call'
rack (2.0.6) lib/rack/runtime.rb:22:in `call'
activesupport (5.2.2) lib/active_support/cache/strategy/local_cache_middleware.rb:29:in `call'
actionpack (5.2.2) lib/action_dispatch/middleware/executor.rb:14:in `call'
actionpack (5.2.2) lib/action_dispatch/middleware/static.rb:127:in `call'
rack (2.0.6) lib/rack/sendfile.rb:111:in `call'
railties (5.2.2) lib/rails/engine.rb:524:in `call'
puma (3.12.0) lib/puma/configuration.rb:225:in `call'
puma (3.12.0) lib/puma/server.rb:658:in `handle_request'
puma (3.12.0) lib/puma/server.rb:472:in `process_client'
puma (3.12.0) lib/puma/server.rb:332:in `block in run'
puma (3.12.0) lib/puma/thread_pool.rb:133:in `block in spawn_thread'
Started GET "/users/1/edit" for 127.0.0.1 at 2019-01-23 16:24:28 +0100
Processing by UsersController#edit as HTML
  Parameters: {"id"=>"1"}
  [1m[36mUser Load (0.4ms)[0m  [1m[34mSELECT  "users".* FROM "users" WHERE "users"."id" = ? LIMIT ?[0m  [["id", 1], ["LIMIT", 1]]
  ↳ app/controllers/users_controller.rb:19
  Rendering users/edit.html.erb within layouts/application
  Rendered users/edit.html.erb within layouts/application (2.6ms)
Completed 200 OK in 69ms (Views: 62.5ms | ActiveRecord: 0.4ms)


Started PATCH "/users/1" for 127.0.0.1 at 2019-01-23 16:24:34 +0100
  
AbstractController::ActionNotFound (The action 'update' could not be found for UsersController):
  
actionpack (5.2.2) lib/abstract_controller/base.rb:129:in `process'
actionview (5.2.2) lib/action_view/rendering.rb:32:in `process'
actionpack (5.2.2) lib/action_controller/metal.rb:191:in `dispatch'
actionpack (5.2.2) lib/action_controller/metal.rb:252:in `dispatch'
actionpack (5.2.2) lib/action_dispatch/routing/route_set.rb:52:in `dispatch'
actionpack (5.2.2) lib/action_dispatch/routing/route_set.rb:34:in `serve'
actionpack (5.2.2) lib/action_dispatch/journey/router.rb:52:in `block in serve'
actionpack (5.2.2) lib/action_dispatch/journey/router.rb:35:in `each'
actionpack (5.2.2) lib/action_dispatch/journey/router.rb:35:in `serve'
actionpack (5.2.2) lib/action_dispatch/routing/route_set.rb:840:in `call'
rack (2.0.6) lib/rack/tempfile_reaper.rb:15:in `call'
rack (2.0.6) lib/rack/etag.rb:25:in `call'
rack (2.0.6) lib/rack/conditional_get.rb:38:in `call'
rack (2.0.6) lib/rack/head.rb:12:in `call'
actionpack (5.2.2) lib/action_dispatch/http/content_security_policy.rb:18:in `call'
rack (2.0.6) lib/rack/session/abstract/id.rb:232:in `context'
rack (2.0.6) lib/rack/session/abstract/id.rb:226:in `call'
actionpack (5.2.2) lib/action_dispatch/middleware/cookies.rb:670:in `call'
activerecord (5.2.2) lib/active_record/migration.rb:559:in `call'
actionpack (5.2.2) lib/action_dispatch/middleware/callbacks.rb:28:in `block in call'
activesupport (5.2.2) lib/active_support/callbacks.rb:98:in `run_callbacks'
actionpack (5.2.2) lib/action_dispatch/middleware/callbacks.rb:26:in `call'
actionpack (5.2.2) lib/action_dispatch/middleware/executor.rb:14:in `call'
actionpack (5.2.2) lib/action_dispatch/middleware/debug_exceptions.rb:61:in `call'
web-console (3.7.0) lib/web_console/middleware.rb:135:in `call_app'
web-console (3.7.0) lib/web_console/middleware.rb:30:in `block in call'
web-console (3.7.0) lib/web_console/middleware.rb:20:in `catch'
web-console (3.7.0) lib/web_console/middleware.rb:20:in `call'
actionpack (5.2.2) lib/action_dispatch/middleware/show_exceptions.rb:33:in `call'
railties (5.2.2) lib/rails/rack/logger.rb:38:in `call_app'
railties (5.2.2) lib/rails/rack/logger.rb:26:in `block in call'
activesupport (5.2.2) lib/active_support/tagged_logging.rb:71:in `block in tagged'
activesupport (5.2.2) lib/active_support/tagged_logging.rb:28:in `tagged'
activesupport (5.2.2) lib/active_support/tagged_logging.rb:71:in `tagged'
railties (5.2.2) lib/rails/rack/logger.rb:26:in `call'
sprockets-rails (3.2.1) lib/sprockets/rails/quiet_assets.rb:13:in `call'
actionpack (5.2.2) lib/action_dispatch/middleware/remote_ip.rb:81:in `call'
actionpack (5.2.2) lib/action_dispatch/middleware/request_id.rb:27:in `call'
rack (2.0.6) lib/rack/method_override.rb:22:in `call'
rack (2.0.6) lib/rack/runtime.rb:22:in `call'
activesupport (5.2.2) lib/active_support/cache/strategy/local_cache_middleware.rb:29:in `call'
actionpack (5.2.2) lib/action_dispatch/middleware/executor.rb:14:in `call'
actionpack (5.2.2) lib/action_dispatch/middleware/static.rb:127:in `call'
rack (2.0.6) lib/rack/sendfile.rb:111:in `call'
railties (5.2.2) lib/rails/engine.rb:524:in `call'
puma (3.12.0) lib/puma/configuration.rb:225:in `call'
puma (3.12.0) lib/puma/server.rb:658:in `handle_request'
puma (3.12.0) lib/puma/server.rb:472:in `process_client'
puma (3.12.0) lib/puma/server.rb:332:in `block in run'
puma (3.12.0) lib/puma/thread_pool.rb:133:in `block in spawn_thread'
Started GET "/users/1/edit" for 127.0.0.1 at 2019-01-23 16:26:01 +0100
Processing by UsersController#edit as HTML
  Parameters: {"id"=>"1"}
  [1m[36mUser Load (0.3ms)[0m  [1m[34mSELECT  "users".* FROM "users" WHERE "users"."id" = ? LIMIT ?[0m  [["id", 1], ["LIMIT", 1]]
  ↳ app/controllers/users_controller.rb:19
  Rendering users/edit.html.erb within layouts/application
  Rendered users/edit.html.erb within layouts/application (5.3ms)
Completed 200 OK in 74ms (Views: 60.9ms | ActiveRecord: 1.4ms)


Started PATCH "/users/1" for 127.0.0.1 at 2019-01-23 16:26:05 +0100
Processing by UsersController#update as HTML
  Parameters: {"utf8"=>"✓", "authenticity_token"=>"18kI1sIzvnTBmbDtzKmXdwYHzG+dxkSlSwCJcf6Rzn1VcPpHPyok818OBzjD/GY9olqIHyafz5Id376sOlmhsQ==", "user"=>{"username"=>"aq", "email"=>"a@a.com", "password"=>"[FILTERED]"}, "commit"=>"Edit", "id"=>"1"}
  [1m[36mUser Load (0.5ms)[0m  [1m[34mSELECT  "users".* FROM "users" WHERE "users"."id" = ? LIMIT ?[0m  [["id", 1], ["LIMIT", 1]]
  ↳ app/controllers/users_controller.rb:23
Completed 500 Internal Server Error in 91ms (ActiveRecord: 0.5ms)


  
NoMethodError (undefined method `build' for #<User:0x00007f504049d468>):
  
app/controllers/users_controller.rb:24:in `update'
Started GET "/users/1/edit" for 127.0.0.1 at 2019-01-23 16:27:08 +0100
Processing by UsersController#edit as HTML
  Parameters: {"id"=>"1"}
  [1m[36mUser Load (0.2ms)[0m  [1m[34mSELECT  "users".* FROM "users" WHERE "users"."id" = ? LIMIT ?[0m  [["id", 1], ["LIMIT", 1]]
  ↳ app/controllers/users_controller.rb:19
  Rendering users/edit.html.erb within layouts/application
  Rendered users/edit.html.erb within layouts/application (2.0ms)
Completed 200 OK in 63ms (Views: 50.2ms | ActiveRecord: 1.3ms)


Started PATCH "/users/1" for 127.0.0.1 at 2019-01-23 16:27:12 +0100
Processing by UsersController#update as HTML
  Parameters: {"utf8"=>"✓", "authenticity_token"=>"4hhUePRu2SLlc4fvRAXgUrKM6/sdqcC31qw4iKKre0xgoabpCXdDpXvkMDpLUBEYFtGvi6bwS4CAcw9VZmMUgA==", "user"=>{"username"=>"aa", "email"=>"a@a.com", "password"=>"[FILTERED]"}, "commit"=>"Edit", "id"=>"1"}
  [1m[36mUser Load (0.4ms)[0m  [1m[34mSELECT  "users".* FROM "users" WHERE "users"."id" = ? LIMIT ?[0m  [["id", 1], ["LIMIT", 1]]
  ↳ app/controllers/users_controller.rb:23
Completed 500 Internal Server Error in 12ms (ActiveRecord: 0.4ms)


  
NoMethodError (undefined method `post' for #<User:0x00007f5040148420>):
  
app/controllers/users_controller.rb:24:in `update'
Started GET "/users/1/edit" for 127.0.0.1 at 2019-01-23 16:27:27 +0100
Processing by UsersController#edit as HTML
  Parameters: {"id"=>"1"}
  [1m[36mUser Load (0.7ms)[0m  [1m[34mSELECT  "users".* FROM "users" WHERE "users"."id" = ? LIMIT ?[0m  [["id", 1], ["LIMIT", 1]]
  ↳ app/controllers/users_controller.rb:19
  Rendering users/edit.html.erb within layouts/application
  Rendered users/edit.html.erb within layouts/application (14.0ms)
Completed 200 OK in 87ms (Views: 71.4ms | ActiveRecord: 2.1ms)


Started PATCH "/users/1" for 127.0.0.1 at 2019-01-23 16:27:30 +0100
Processing by UsersController#update as HTML
  Parameters: {"utf8"=>"✓", "authenticity_token"=>"5c2HayeWmS7dQkCpKi984cNS6GfSvZATgnOKy1ltnJ5ndHX62o8DqUPV93wleo2rZw+sF2nkGyTUrL0WnaXzUg==", "user"=>{"username"=>"asa", "email"=>"a@a.com", "password"=>"[FILTERED]"}, "commit"=>"Edit", "id"=>"1"}
  [1m[36mUser Load (1.1ms)[0m  [1m[34mSELECT  "users".* FROM "users" WHERE "users"."id" = ? LIMIT ?[0m  [["id", 1], ["LIMIT", 1]]
  ↳ app/controllers/users_controller.rb:23
Completed 500 Internal Server Error in 16ms (ActiveRecord: 1.1ms)


  
NoMethodError (undefined method `get' for #<User:0x00007fffe68a9100>
Did you mean?  gem):
  
app/controllers/users_controller.rb:24:in `update'
Started GET "/users/1/edit" for 127.0.0.1 at 2019-01-23 16:27:46 +0100
Processing by UsersController#edit as HTML
  Parameters: {"id"=>"1"}
  [1m[36mUser Load (0.3ms)[0m  [1m[34mSELECT  "users".* FROM "users" WHERE "users"."id" = ? LIMIT ?[0m  [["id", 1], ["LIMIT", 1]]
  ↳ app/controllers/users_controller.rb:19
  Rendering users/edit.html.erb within layouts/application
  Rendered users/edit.html.erb within layouts/application (3.4ms)
Completed 200 OK in 91ms (Views: 76.1ms | ActiveRecord: 1.6ms)


Started PATCH "/users/1" for 127.0.0.1 at 2019-01-23 16:27:50 +0100
Processing by UsersController#update as HTML
  Parameters: {"utf8"=>"✓", "authenticity_token"=>"Y18jGfyPFGLTh0eZsDCszkTjHxTVpb7Z6kBGkh09nr7h5tGIAZaO5U0Q8Ey/ZV2E4L5bZG78Ne68n3FP2fXxcg==", "user"=>{"username"=>"asa", "email"=>"a@a.com", "password"=>"[FILTERED]"}, "commit"=>"Edit", "id"=>"1"}
  [1m[36mUser Load (0.3ms)[0m  [1m[34mSELECT  "users".* FROM "users" WHERE "users"."id" = ? LIMIT ?[0m  [["id", 1], ["LIMIT", 1]]
  ↳ app/controllers/users_controller.rb:23
  [1m[35m (0.1ms)[0m  [1m[36mbegin transaction[0m
  ↳ app/controllers/users_controller.rb:24
  [1m[35m (0.1ms)[0m  [1m[36mcommit transaction[0m
  ↳ app/controllers/users_controller.rb:24
No template found for UsersController#update, rendering head :no_content
Completed 204 No Content in 266ms (ActiveRecord: 0.5ms)


Started GET "/users/1/edit" for 127.0.0.1 at 2019-01-23 16:28:26 +0100
Processing by UsersController#edit as HTML
  Parameters: {"id"=>"1"}
  [1m[36mUser Load (0.3ms)[0m  [1m[34mSELECT  "users".* FROM "users" WHERE "users"."id" = ? LIMIT ?[0m  [["id", 1], ["LIMIT", 1]]
  ↳ app/controllers/users_controller.rb:19
  Rendering users/edit.html.erb within layouts/application
  Rendered users/edit.html.erb within layouts/application (12.8ms)
Completed 200 OK in 84ms (Views: 79.9ms | ActiveRecord: 0.3ms)


Started PATCH "/users/1" for 127.0.0.1 at 2019-01-23 16:28:30 +0100
Processing by UsersController#update as HTML
  Parameters: {"utf8"=>"✓", "authenticity_token"=>"3S8YmUiGhPbm3hnjb2atAFKzSBjRa91m/drPYKBu90RfluoItZ8ecXhJrjZgM1xK9u4MaGoyVlGrBfi9ZKaYiA==", "user"=>{"username"=>"we_changed", "email"=>"a@a.com", "password"=>"[FILTERED]"}, "commit"=>"Edit", "id"=>"1"}
  [1m[36mUser Load (0.4ms)[0m  [1m[34mSELECT  "users".* FROM "users" WHERE "users"."id" = ? LIMIT ?[0m  [["id", 1], ["LIMIT", 1]]
  ↳ app/controllers/users_controller.rb:23
  [1m[35m (0.1ms)[0m  [1m[36mbegin transaction[0m
  ↳ app/controllers/users_controller.rb:24
  [1m[35m (0.1ms)[0m  [1m[36mcommit transaction[0m
  ↳ app/controllers/users_controller.rb:24
No template found for UsersController#update, rendering head :no_content
Completed 204 No Content in 313ms (ActiveRecord: 0.6ms)


Started GET "/users/1/edit" for 127.0.0.1 at 2019-01-23 16:28:40 +0100
Processing by UsersController#edit as HTML
  Parameters: {"id"=>"1"}
  [1m[36mUser Load (0.4ms)[0m  [1m[34mSELECT  "users".* FROM "users" WHERE "users"."id" = ? LIMIT ?[0m  [["id", 1], ["LIMIT", 1]]
  ↳ app/controllers/users_controller.rb:19
  Rendering users/edit.html.erb within layouts/application
  Rendered users/edit.html.erb within layouts/application (2.0ms)
Completed 200 OK in 78ms (Views: 72.5ms | ActiveRecord: 0.4ms)


Started GET "/users/1/edit" for 127.0.0.1 at 2019-01-23 16:29:42 +0100
Processing by UsersController#edit as HTML
  Parameters: {"id"=>"1"}
  [1m[36mUser Load (0.4ms)[0m  [1m[34mSELECT  "users".* FROM "users" WHERE "users"."id" = ? LIMIT ?[0m  [["id", 1], ["LIMIT", 1]]
  ↳ app/controllers/users_controller.rb:19
  Rendering users/edit.html.erb within layouts/application
  Rendered users/edit.html.erb within layouts/application (5.2ms)
Completed 200 OK in 135ms (Views: 106.0ms | ActiveRecord: 2.1ms)


Started PATCH "/users/1" for 127.0.0.1 at 2019-01-23 16:29:48 +0100
Processing by UsersController#update as HTML
  Parameters: {"utf8"=>"✓", "authenticity_token"=>"lSb2OgjW855iWVCxPFqFYnFcPLRbYLBqO3aQilFRh0MXnwSr9c9pGfzO52QzD3Qo1QF4xOA5O11tqadXlZnojw==", "user"=>{"username"=>"we_changed", "email"=>"a@a.com", "password"=>"[FILTERED]"}, "commit"=>"Edit", "id"=>"1"}
  [1m[36mUser Load (6.3ms)[0m  [1m[34mSELECT  "users".* FROM "users" WHERE "users"."id" = ? LIMIT ?[0m  [["id", 1], ["LIMIT", 1]]
  ↳ app/controllers/users_controller.rb:23
  [1m[35m (0.1ms)[0m  [1m[36mbegin transaction[0m
  ↳ app/controllers/users_controller.rb:24
  [1m[35m (0.1ms)[0m  [1m[31mrollback transaction[0m
  ↳ app/controllers/users_controller.rb:24
No template found for UsersController#update, rendering head :no_content
Completed 204 No Content in 412ms (ActiveRecord: 6.4ms)


Started GET "/users/1/edit" for 127.0.0.1 at 2019-01-23 16:30:16 +0100
Processing by UsersController#edit as HTML
  Parameters: {"id"=>"1"}
  [1m[36mUser Load (0.5ms)[0m  [1m[34mSELECT  "users".* FROM "users" WHERE "users"."id" = ? LIMIT ?[0m  [["id", 1], ["LIMIT", 1]]
  ↳ app/controllers/users_controller.rb:19
  Rendering users/edit.html.erb within layouts/application
  Rendered users/edit.html.erb within layouts/application (13.5ms)
Completed 200 OK in 120ms (Views: 92.6ms | ActiveRecord: 7.4ms)


Started PATCH "/users/1" for 127.0.0.1 at 2019-01-23 16:30:20 +0100
Processing by UsersController#update as HTML
  Parameters: {"utf8"=>"✓", "authenticity_token"=>"9wUSqPOYDOyH8c9o2hr/FfrHofzVvwBV4qSSv41p4rF1vOA5DoGWaxlmeL3VTw5fXprljG7mi2K0e6ViSaGNfQ==", "user"=>{"username"=>"we_changed", "email"=>"a@a.com", "password"=>"[FILTERED]"}, "commit"=>"Edit", "id"=>"1"}
  [1m[36mUser Load (0.3ms)[0m  [1m[34mSELECT  "users".* FROM "users" WHERE "users"."id" = ? LIMIT ?[0m  [["id", 1], ["LIMIT", 1]]
  ↳ app/controllers/users_controller.rb:23
  [1m[35m (0.1ms)[0m  [1m[36mbegin transaction[0m
  ↳ app/controllers/users_controller.rb:24
  [1m[36mUser Update (42.1ms)[0m  [1m[33mUPDATE "users" SET "username" = ?, "password" = ?, "updated_at" = ? WHERE "users"."id" = ?[0m  [["username", "we_changed"], ["password", "asdas"], ["updated_at", "2019-01-23 15:30:20.324384"], ["id", 1]]
  ↳ app/controllers/users_controller.rb:24
  [1m[35m (84.6ms)[0m  [1m[36mcommit transaction[0m
  ↳ app/controllers/users_controller.rb:24
  Rendering users/new.html.erb within layouts/application
  Rendered users/new.html.erb within layouts/application (9.2ms)
Completed 200 OK in 1426ms (Views: 125.3ms | ActiveRecord: 127.1ms)


Started GET "/users/1/edit" for 127.0.0.1 at 2019-01-23 16:30:36 +0100
Processing by UsersController#edit as HTML
  Parameters: {"id"=>"1"}
  [1m[36mUser Load (0.3ms)[0m  [1m[34mSELECT  "users".* FROM "users" WHERE "users"."id" = ? LIMIT ?[0m  [["id", 1], ["LIMIT", 1]]
  ↳ app/controllers/users_controller.rb:19
  Rendering users/edit.html.erb within layouts/application
  Rendered users/edit.html.erb within layouts/application (3.4ms)
Completed 200 OK in 99ms (Views: 94.9ms | ActiveRecord: 0.3ms)


Started GET "/users/1/edit" for 127.0.0.1 at 2019-01-23 16:32:54 +0100
Processing by UsersController#edit as HTML
  Parameters: {"id"=>"1"}
  [1m[36mUser Load (0.5ms)[0m  [1m[34mSELECT  "users".* FROM "users" WHERE "users"."id" = ? LIMIT ?[0m  [["id", 1], ["LIMIT", 1]]
  ↳ app/controllers/users_controller.rb:19
  Rendering users/edit.html.erb within layouts/application
  Rendered users/edit.html.erb within layouts/application (0.8ms)
Completed 500 Internal Server Error in 36ms (ActiveRecord: 1.9ms)


  
SyntaxError (/mnt/c/Users/Zlaya/projects/ror/re-former/app/views/users/edit.html.erb:13: syntax error, unexpected ensure, expecting end
          ensure
          ^~~~~~
/mnt/c/Users/Zlaya/projects/ror/re-former/app/views/users/edit.html.erb:15: syntax error, unexpected end-of-input, expecting end):
  
app/views/users/edit.html.erb:13: syntax error, unexpected ensure, expecting end
app/views/users/edit.html.erb:15: syntax error, unexpected end-of-input, expecting end
Started GET "/users/1/edit" for 127.0.0.1 at 2019-01-23 16:33:09 +0100
Processing by UsersController#edit as HTML
  Parameters: {"id"=>"1"}
  [1m[36mUser Load (0.3ms)[0m  [1m[34mSELECT  "users".* FROM "users" WHERE "users"."id" = ? LIMIT ?[0m  [["id", 1], ["LIMIT", 1]]
  ↳ app/controllers/users_controller.rb:19
  Rendering users/edit.html.erb within layouts/application
  Rendered users/edit.html.erb within layouts/application (3.4ms)
Completed 200 OK in 85ms (Views: 74.5ms | ActiveRecord: 0.3ms)


Started PATCH "/users/1" for 127.0.0.1 at 2019-01-23 16:33:28 +0100
Processing by UsersController#update as HTML
  Parameters: {"utf8"=>"✓", "authenticity_token"=>"mY+Y5Au9qCbc792XFwGek4nhFQB9FRhzDKz4EbYYVBkbNmp19qQyoUJ4akIYVG/ZLbxRcMZMk0Rac8/MctA71Q==", "user"=>{"username"=>"we_changed", "email"=>"a@a.com", "password"=>"[FILTERED]"}, "commit"=>"Edit", "id"=>"1"}
  [1m[36mUser Load (0.4ms)[0m  [1m[34mSELECT  "users".* FROM "users" WHERE "users"."id" = ? LIMIT ?[0m  [["id", 1], ["LIMIT", 1]]
  ↳ app/controllers/users_controller.rb:23
  [1m[35m (0.1ms)[0m  [1m[36mbegin transaction[0m
  ↳ app/controllers/users_controller.rb:24
  [1m[35m (0.0ms)[0m  [1m[31mrollback transaction[0m
  ↳ app/controllers/users_controller.rb:24
No template found for UsersController#update, rendering head :no_content
Completed 204 No Content in 272ms (ActiveRecord: 3.6ms)


Started GET "/users/1/edit" for 127.0.0.1 at 2019-01-23 16:33:38 +0100
Processing by UsersController#edit as HTML
  Parameters: {"id"=>"1"}
  [1m[36mUser Load (0.4ms)[0m  [1m[34mSELECT  "users".* FROM "users" WHERE "users"."id" = ? LIMIT ?[0m  [["id", 1], ["LIMIT", 1]]
  ↳ app/controllers/users_controller.rb:19
  Rendering users/edit.html.erb within layouts/application
  Rendered users/edit.html.erb within layouts/application (6.8ms)
Completed 200 OK in 86ms (Views: 80.7ms | ActiveRecord: 0.4ms)


Started PATCH "/users/1" for 127.0.0.1 at 2019-01-23 16:33:42 +0100
Processing by UsersController#update as HTML
  Parameters: {"utf8"=>"✓", "authenticity_token"=>"i4AqN/dUHfGbhsAD+/yR8eDhKZ6IJ7BTl24IQX3GFDQJOdimCk2HdgURd9b0qWC7RLxt7jN+O2TBsT+cuQ57+A==", "user"=>{"username"=>"", "email"=>"a@a.com", "password"=>"[FILTERED]"}, "commit"=>"Edit", "id"=>"1"}
  [1m[36mUser Load (0.5ms)[0m  [1m[34mSELECT  "users".* FROM "users" WHERE "users"."id" = ? LIMIT ?[0m  [["id", 1], ["LIMIT", 1]]
  ↳ app/controllers/users_controller.rb:23
  [1m[35m (0.1ms)[0m  [1m[36mbegin transaction[0m
  ↳ app/controllers/users_controller.rb:24
  [1m[35m (0.1ms)[0m  [1m[31mrollback transaction[0m
  ↳ app/controllers/users_controller.rb:24
No template found for UsersController#update, rendering head :no_content
Completed 204 No Content in 294ms (ActiveRecord: 0.7ms)


Started GET "/users/new" for 127.0.0.1 at 2019-01-23 16:33:49 +0100
Processing by UsersController#new as HTML
  Rendering users/new.html.erb within layouts/application
  Rendered users/new.html.erb within layouts/application (2.5ms)
Completed 200 OK in 67ms (Views: 63.3ms | ActiveRecord: 0.0ms)


Started POST "/users" for 127.0.0.1 at 2019-01-23 16:34:05 +0100
Processing by UsersController#create as HTML
  Parameters: {"utf8"=>"✓", "authenticity_token"=>"ieYH4RXn0piao/lI52pHsXUi+igufx/0m11ifT5JzIwLX/Vw6P5IHwQ0Tp3oP7b70X++WJUmlMPNglWg+oGjQA==", "user"=>{"username"=>"", "email"=>"", "password"=>"[FILTERED]"}, "commit"=>"Create"}
  [1m[35m (0.1ms)[0m  [1m[36mbegin transaction[0m
  ↳ app/controllers/users_controller.rb:11
  [1m[35m (0.0ms)[0m  [1m[31mrollback transaction[0m
  ↳ app/controllers/users_controller.rb:11
  Rendering users/new.html.erb within layouts/application
  Rendered users/new.html.erb within layouts/application (32.4ms)
Completed 200 OK in 110ms (Views: 106.3ms | ActiveRecord: 0.1ms)


Started GET "/users" for 127.0.0.1 at 2019-01-23 16:35:31 +0100
  
AbstractController::ActionNotFound (The action 'index' could not be found for UsersController):
  
actionpack (5.2.2) lib/abstract_controller/base.rb:129:in `process'
actionview (5.2.2) lib/action_view/rendering.rb:32:in `process'
actionpack (5.2.2) lib/action_controller/metal.rb:191:in `dispatch'
actionpack (5.2.2) lib/action_controller/metal.rb:252:in `dispatch'
actionpack (5.2.2) lib/action_dispatch/routing/route_set.rb:52:in `dispatch'
actionpack (5.2.2) lib/action_dispatch/routing/route_set.rb:34:in `serve'
actionpack (5.2.2) lib/action_dispatch/journey/router.rb:52:in `block in serve'
actionpack (5.2.2) lib/action_dispatch/journey/router.rb:35:in `each'
actionpack (5.2.2) lib/action_dispatch/journey/router.rb:35:in `serve'
actionpack (5.2.2) lib/action_dispatch/routing/route_set.rb:840:in `call'
rack (2.0.6) lib/rack/tempfile_reaper.rb:15:in `call'
rack (2.0.6) lib/rack/etag.rb:25:in `call'
rack (2.0.6) lib/rack/conditional_get.rb:25:in `call'
rack (2.0.6) lib/rack/head.rb:12:in `call'
actionpack (5.2.2) lib/action_dispatch/http/content_security_policy.rb:18:in `call'
rack (2.0.6) lib/rack/session/abstract/id.rb:232:in `context'
rack (2.0.6) lib/rack/session/abstract/id.rb:226:in `call'
actionpack (5.2.2) lib/action_dispatch/middleware/cookies.rb:670:in `call'
activerecord (5.2.2) lib/active_record/migration.rb:559:in `call'
actionpack (5.2.2) lib/action_dispatch/middleware/callbacks.rb:28:in `block in call'
activesupport (5.2.2) lib/active_support/callbacks.rb:98:in `run_callbacks'
actionpack (5.2.2) lib/action_dispatch/middleware/callbacks.rb:26:in `call'
actionpack (5.2.2) lib/action_dispatch/middleware/executor.rb:14:in `call'
actionpack (5.2.2) lib/action_dispatch/middleware/debug_exceptions.rb:61:in `call'
web-console (3.7.0) lib/web_console/middleware.rb:135:in `call_app'
web-console (3.7.0) lib/web_console/middleware.rb:30:in `block in call'
web-console (3.7.0) lib/web_console/middleware.rb:20:in `catch'
web-console (3.7.0) lib/web_console/middleware.rb:20:in `call'
actionpack (5.2.2) lib/action_dispatch/middleware/show_exceptions.rb:33:in `call'
railties (5.2.2) lib/rails/rack/logger.rb:38:in `call_app'
railties (5.2.2) lib/rails/rack/logger.rb:26:in `block in call'
activesupport (5.2.2) lib/active_support/tagged_logging.rb:71:in `block in tagged'
activesupport (5.2.2) lib/active_support/tagged_logging.rb:28:in `tagged'
activesupport (5.2.2) lib/active_support/tagged_logging.rb:71:in `tagged'
railties (5.2.2) lib/rails/rack/logger.rb:26:in `call'
sprockets-rails (3.2.1) lib/sprockets/rails/quiet_assets.rb:13:in `call'
actionpack (5.2.2) lib/action_dispatch/middleware/remote_ip.rb:81:in `call'
actionpack (5.2.2) lib/action_dispatch/middleware/request_id.rb:27:in `call'
rack (2.0.6) lib/rack/method_override.rb:22:in `call'
rack (2.0.6) lib/rack/runtime.rb:22:in `call'
activesupport (5.2.2) lib/active_support/cache/strategy/local_cache_middleware.rb:29:in `call'
actionpack (5.2.2) lib/action_dispatch/middleware/executor.rb:14:in `call'
actionpack (5.2.2) lib/action_dispatch/middleware/static.rb:127:in `call'
rack (2.0.6) lib/rack/sendfile.rb:111:in `call'
railties (5.2.2) lib/rails/engine.rb:524:in `call'
puma (3.12.0) lib/puma/configuration.rb:225:in `call'
puma (3.12.0) lib/puma/server.rb:658:in `handle_request'
puma (3.12.0) lib/puma/server.rb:472:in `process_client'
puma (3.12.0) lib/puma/server.rb:332:in `block in run'
puma (3.12.0) lib/puma/thread_pool.rb:133:in `block in spawn_thread'
Started GET "/users/new" for 127.0.0.1 at 2019-01-23 16:35:36 +0100
Processing by UsersController#new as HTML
  Rendering users/new.html.erb within layouts/application
  Rendered users/new.html.erb within layouts/application (1.2ms)
Completed 500 Internal Server Error in 27ms (ActiveRecord: 0.0ms)


  
SyntaxError (/mnt/c/Users/Zlaya/projects/ror/re-former/app/views/users/new.html.erb:41: syntax error, unexpected ensure, expecting end
          ensure
          ^~~~~~
/mnt/c/Users/Zlaya/projects/ror/re-former/app/views/users/new.html.erb:43: syntax error, unexpected end-of-input, expecting end):
  
app/views/users/new.html.erb:41: syntax error, unexpected ensure, expecting end
app/views/users/new.html.erb:43: syntax error, unexpected end-of-input, expecting end
Started GET "/users/new" for 127.0.0.1 at 2019-01-23 16:35:50 +0100
Processing by UsersController#new as HTML
  Rendering users/new.html.erb within layouts/application
  Rendered users/new.html.erb within layouts/application (1.9ms)
Completed 200 OK in 67ms (Views: 64.0ms | ActiveRecord: 0.0ms)


Started POST "/users" for 127.0.0.1 at 2019-01-23 16:35:52 +0100
Processing by UsersController#create as HTML
  Parameters: {"utf8"=>"✓", "authenticity_token"=>"CCwpNX8dKBSREVcjPnRkodt2d1xHI1SP7GXTaTxcAZmKldukggSykw+G4PYxIZXrfyszLPx637i6uuS0+JRuVQ==", "user"=>{"username"=>"", "email"=>"", "password"=>"[FILTERED]"}, "commit"=>"Create"}
  [1m[35m (0.1ms)[0m  [1m[36mbegin transaction[0m
  ↳ app/controllers/users_controller.rb:11
  [1m[35m (0.1ms)[0m  [1m[31mrollback transaction[0m
  ↳ app/controllers/users_controller.rb:11
  Rendering users/new.html.erb within layouts/application
  Rendered users/new.html.erb within layouts/application (2.6ms)
Completed 200 OK in 91ms (Views: 86.9ms | ActiveRecord: 0.2ms)


Started GET "/users/new" for 127.0.0.1 at 2019-01-23 16:38:57 +0100
Processing by UsersController#new as HTML
  Rendering users/new.html.erb within layouts/application
  Rendered users/new.html.erb within layouts/application (2.6ms)
Completed 200 OK in 81ms (Views: 75.6ms | ActiveRecord: 0.0ms)


Started POST "/users" for 127.0.0.1 at 2019-01-23 16:38:59 +0100
Processing by UsersController#create as HTML
  Parameters: {"utf8"=>"✓", "authenticity_token"=>"0inc09hWAP8vGy71fXbxUKGnR16+tPLo8xpZ3nYAQJVQkC5CJU+aeLGMmSByIwAaBfoDLgXted+lxW4DssgvWQ==", "user"=>{"username"=>"", "email"=>"", "password"=>"[FILTERED]"}, "commit"=>"Create"}
  [1m[35m (0.1ms)[0m  [1m[36mbegin transaction[0m
  ↳ app/controllers/users_controller.rb:11
  [1m[35m (0.1ms)[0m  [1m[31mrollback transaction[0m
  ↳ app/controllers/users_controller.rb:11
  Rendering users/new.html.erb within layouts/application
  Rendered users/new.html.erb within layouts/application (8.4ms)
Completed 200 OK in 107ms (Views: 98.1ms | ActiveRecord: 0.2ms)


Started GET "/users/1/edit" for 127.0.0.1 at 2019-01-23 16:39:56 +0100
Processing by UsersController#edit as HTML
  Parameters: {"id"=>"1"}
  [1m[36mUser Load (0.4ms)[0m  [1m[34mSELECT  "users".* FROM "users" WHERE "users"."id" = ? LIMIT ?[0m  [["id", 1], ["LIMIT", 1]]
  ↳ app/controllers/users_controller.rb:19
  Rendering users/edit.html.erb within layouts/application
  Rendered users/edit.html.erb within layouts/application (9.0ms)
Completed 200 OK in 156ms (Views: 122.9ms | ActiveRecord: 6.3ms)


Started PATCH "/users/1" for 127.0.0.1 at 2019-01-23 16:40:04 +0100
Processing by UsersController#update as HTML
  Parameters: {"utf8"=>"✓", "authenticity_token"=>"d5LTa5PEJuuhFSAAuu6NKtU4717AloFhj4NwhSVj13n1KyH6bt28bD+Cl9W1u3xgcWWrLnvPClbZXEdY4au4tQ==", "user"=>{"username"=>"", "email"=>"", "password"=>"[FILTERED]"}, "commit"=>"Edit", "id"=>"1"}
  [1m[36mUser Load (0.9ms)[0m  [1m[34mSELECT  "users".* FROM "users" WHERE "users"."id" = ? LIMIT ?[0m  [["id", 1], ["LIMIT", 1]]
  ↳ app/controllers/users_controller.rb:23
  [1m[35m (0.1ms)[0m  [1m[36mbegin transaction[0m
  ↳ app/controllers/users_controller.rb:24
  [1m[35m (0.2ms)[0m  [1m[31mrollback transaction[0m
  ↳ app/controllers/users_controller.rb:24
  Rendering users/edit.html.erb within layouts/application
  Rendered users/edit.html.erb within layouts/application (5.1ms)
Completed 200 OK in 97ms (Views: 71.7ms | ActiveRecord: 1.2ms)


Started GET "/users/1" for 127.0.0.1 at 2019-01-23 16:40:10 +0100
  
AbstractController::ActionNotFound (The action 'show' could not be found for UsersController):
  
actionpack (5.2.2) lib/abstract_controller/base.rb:129:in `process'
actionview (5.2.2) lib/action_view/rendering.rb:32:in `process'
actionpack (5.2.2) lib/action_controller/metal.rb:191:in `dispatch'
actionpack (5.2.2) lib/action_controller/metal.rb:252:in `dispatch'
actionpack (5.2.2) lib/action_dispatch/routing/route_set.rb:52:in `dispatch'
actionpack (5.2.2) lib/action_dispatch/routing/route_set.rb:34:in `serve'
actionpack (5.2.2) lib/action_dispatch/journey/router.rb:52:in `block in serve'
actionpack (5.2.2) lib/action_dispatch/journey/router.rb:35:in `each'
actionpack (5.2.2) lib/action_dispatch/journey/router.rb:35:in `serve'
actionpack (5.2.2) lib/action_dispatch/routing/route_set.rb:840:in `call'
rack (2.0.6) lib/rack/tempfile_reaper.rb:15:in `call'
rack (2.0.6) lib/rack/etag.rb:25:in `call'
rack (2.0.6) lib/rack/conditional_get.rb:25:in `call'
rack (2.0.6) lib/rack/head.rb:12:in `call'
actionpack (5.2.2) lib/action_dispatch/http/content_security_policy.rb:18:in `call'
rack (2.0.6) lib/rack/session/abstract/id.rb:232:in `context'
rack (2.0.6) lib/rack/session/abstract/id.rb:226:in `call'
actionpack (5.2.2) lib/action_dispatch/middleware/cookies.rb:670:in `call'
activerecord (5.2.2) lib/active_record/migration.rb:559:in `call'
actionpack (5.2.2) lib/action_dispatch/middleware/callbacks.rb:28:in `block in call'
activesupport (5.2.2) lib/active_support/callbacks.rb:98:in `run_callbacks'
actionpack (5.2.2) lib/action_dispatch/middleware/callbacks.rb:26:in `call'
actionpack (5.2.2) lib/action_dispatch/middleware/executor.rb:14:in `call'
actionpack (5.2.2) lib/action_dispatch/middleware/debug_exceptions.rb:61:in `call'
web-console (3.7.0) lib/web_console/middleware.rb:135:in `call_app'
web-console (3.7.0) lib/web_console/middleware.rb:30:in `block in call'
web-console (3.7.0) lib/web_console/middleware.rb:20:in `catch'
web-console (3.7.0) lib/web_console/middleware.rb:20:in `call'
actionpack (5.2.2) lib/action_dispatch/middleware/show_exceptions.rb:33:in `call'
railties (5.2.2) lib/rails/rack/logger.rb:38:in `call_app'
railties (5.2.2) lib/rails/rack/logger.rb:26:in `block in call'
activesupport (5.2.2) lib/active_support/tagged_logging.rb:71:in `block in tagged'
activesupport (5.2.2) lib/active_support/tagged_logging.rb:28:in `tagged'
activesupport (5.2.2) lib/active_support/tagged_logging.rb:71:in `tagged'
railties (5.2.2) lib/rails/rack/logger.rb:26:in `call'
sprockets-rails (3.2.1) lib/sprockets/rails/quiet_assets.rb:13:in `call'
actionpack (5.2.2) lib/action_dispatch/middleware/remote_ip.rb:81:in `call'
actionpack (5.2.2) lib/action_dispatch/middleware/request_id.rb:27:in `call'
rack (2.0.6) lib/rack/method_override.rb:22:in `call'
rack (2.0.6) lib/rack/runtime.rb:22:in `call'
activesupport (5.2.2) lib/active_support/cache/strategy/local_cache_middleware.rb:29:in `call'
actionpack (5.2.2) lib/action_dispatch/middleware/executor.rb:14:in `call'
actionpack (5.2.2) lib/action_dispatch/middleware/static.rb:127:in `call'
rack (2.0.6) lib/rack/sendfile.rb:111:in `call'
railties (5.2.2) lib/rails/engine.rb:524:in `call'
puma (3.12.0) lib/puma/configuration.rb:225:in `call'
puma (3.12.0) lib/puma/server.rb:658:in `handle_request'
puma (3.12.0) lib/puma/server.rb:472:in `process_client'
puma (3.12.0) lib/puma/server.rb:332:in `block in run'
puma (3.12.0) lib/puma/thread_pool.rb:133:in `block in spawn_thread'
Started GET "/users/1/edit" for 127.0.0.1 at 2019-01-23 16:40:18 +0100
Processing by UsersController#edit as HTML
  Parameters: {"id"=>"1"}
  [1m[36mUser Load (0.2ms)[0m  [1m[34mSELECT  "users".* FROM "users" WHERE "users"."id" = ? LIMIT ?[0m  [["id", 1], ["LIMIT", 1]]
  ↳ app/controllers/users_controller.rb:19
  Rendering users/edit.html.erb within layouts/application
  Rendered users/edit.html.erb within layouts/application (9.0ms)
Completed 200 OK in 80ms (Views: 72.1ms | ActiveRecord: 0.2ms)


Started GET "/users/1/edit" for 127.0.0.1 at 2019-01-23 16:40:40 +0100
Processing by UsersController#edit as HTML
  Parameters: {"id"=>"1"}
  [1m[36mUser Load (0.2ms)[0m  [1m[34mSELECT  "users".* FROM "users" WHERE "users"."id" = ? LIMIT ?[0m  [["id", 1], ["LIMIT", 1]]
  ↳ app/controllers/users_controller.rb:19
  Rendering users/edit.html.erb within layouts/application
  Rendered users/edit.html.erb within layouts/application (1.6ms)
Completed 200 OK in 70ms (Views: 65.7ms | ActiveRecord: 0.2ms)


